2013/08/13 11:30:47 [error] [exception.CHttpException.404] exception 'CHttpException' with message 'Unable to resolve the request "user".' in /home/ivan/Dropbox/losAlces/www/yii/framework/web/CWebApplication.php:286
Stack trace:
#0 /home/ivan/Dropbox/losAlces/www/yii/framework/web/CWebApplication.php(141): CWebApplication->runController('user')
#1 /home/ivan/Dropbox/losAlces/www/yii/framework/base/CApplication.php(180): CWebApplication->processRequest()
#2 /home/ivan/Dropbox/losAlces/www/yii/alces/index.php(13): CApplication->run()
#3 {main}
REQUEST_URI=/yii/alces/index.php?r=user
---
2013/08/13 13:02:51 [error] [system.db.CDbCommand] CDbCommand::fetchAll() failed: SQLSTATE[42S02]: Base table or view not found: 1146 Table 'yii.User' doesn't exist. The SQL statement executed was: SHOW FULL COLUMNS FROM `User`.
in /home/ivan/Dropbox/losAlces/www/yii/alces/protected/views/site/index.php (21)
in /home/ivan/Dropbox/losAlces/www/yii/alces/protected/controllers/SiteController.php (32)
in /home/ivan/Dropbox/losAlces/www/yii/alces/index.php (13)
2013/08/13 13:02:51 [error] [exception.CDbException] exception 'CDbException' with message 'The table "User" for active record class "User" cannot be found in the database.' in /home/ivan/Dropbox/losAlces/www/yii/framework/db/ar/CActiveRecord.php:2362
Stack trace:
#0 /home/ivan/Dropbox/losAlces/www/yii/framework/db/ar/CActiveRecord.php(411): CActiveRecordMetaData->__construct(Object(User))
#1 /home/ivan/Dropbox/losAlces/www/yii/framework/db/ar/CActiveRecord.php(658): CActiveRecord->getMetaData()
#2 /home/ivan/Dropbox/losAlces/www/yii/framework/db/ar/CActiveRecord.php(1350): CActiveRecord->getTableSchema()
#3 /home/ivan/Dropbox/losAlces/www/yii/framework/db/ar/CActiveRecord.php(1456): CActiveRecord->query(Object(CDbCriteria))
#4 /home/ivan/Dropbox/losAlces/www/yii/alces/protected/views/site/index.php(21): CActiveRecord->find()
#5 /home/ivan/Dropbox/losAlces/www/yii/framework/web/CBaseController.php(126): require('/home/ivan/Drop...')
#6 /home/ivan/Dropbox/losAlces/www/yii/framework/web/CBaseController.php(95): CBaseController->renderInternal('/home/ivan/Drop...', NULL, true)
#7 /home/ivan/Dropbox/losAlces/www/yii/framework/web/CController.php(869): CBaseController->renderFile('/home/ivan/Drop...', NULL, true)
#8 /home/ivan/Dropbox/losAlces/www/yii/framework/web/CController.php(782): CController->renderPartial('index', NULL, true)
#9 /home/ivan/Dropbox/losAlces/www/yii/alces/protected/controllers/SiteController.php(32): CController->render('index')
#10 /home/ivan/Dropbox/losAlces/www/yii/framework/web/actions/CInlineAction.php(49): SiteController->actionIndex()
#11 /home/ivan/Dropbox/losAlces/www/yii/framework/web/CController.php(308): CInlineAction->runWithParams(Array)
#12 /home/ivan/Dropbox/losAlces/www/yii/framework/web/CController.php(286): CController->runAction(Object(CInlineAction))
#13 /home/ivan/Dropbox/losAlces/www/yii/framework/web/CController.php(265): CController->runActionWithFilters(Object(CInlineAction), Array)
#14 /home/ivan/Dropbox/losAlces/www/yii/framework/web/CWebApplication.php(282): CController->run('index')
#15 /home/ivan/Dropbox/losAlces/www/yii/framework/web/CWebApplication.php(141): CWebApplication->runController('site/index')
#16 /home/ivan/Dropbox/losAlces/www/yii/framework/base/CApplication.php(180): CWebApplication->processRequest()
#17 /home/ivan/Dropbox/losAlces/www/yii/alces/index.php(13): CApplication->run()
#18 {main}
REQUEST_URI=/yii/alces/index.php?r=site/index
HTTP_REFERER=http://localhost/yii/alces/index.php?r=usuario/create
---
2013/08/13 13:26:46 [error] [exception.CException] exception 'CException' with message 'Alias "bootstrap.widgets.TbHeroUnit" is invalid. Make sure it points to an existing directory or file.' in /home/ivan/Dropbox/losAlces/www/yii/framework/YiiBase.php:347
Stack trace:
#0 /home/ivan/Dropbox/losAlces/www/yii/framework/web/CWidgetFactory.php(146): YiiBase::import('bootstrap.widge...', true)
#1 /home/ivan/Dropbox/losAlces/www/yii/framework/web/CBaseController.php(146): CWidgetFactory->createWidget(Object(SiteController), 'bootstrap.widge...', Array)
#2 /home/ivan/Dropbox/losAlces/www/yii/framework/web/CBaseController.php(189): CBaseController->createWidget('bootstrap.widge...', Array)
#3 /home/ivan/Dropbox/losAlces/www/yii/alces/themes/bootstrap/views/site/index.php(9): CBaseController->beginWidget('bootstrap.widge...', Array)
#4 /home/ivan/Dropbox/losAlces/www/yii/framework/web/CBaseController.php(126): require('/home/ivan/Drop...')
#5 /home/ivan/Dropbox/losAlces/www/yii/framework/web/CBaseController.php(95): CBaseController->renderInternal('/home/ivan/Drop...', NULL, true)
#6 /home/ivan/Dropbox/losAlces/www/yii/framework/web/CController.php(869): CBaseController->renderFile('/home/ivan/Drop...', NULL, true)
#7 /home/ivan/Dropbox/losAlces/www/yii/framework/web/CController.php(782): CController->renderPartial('index', NULL, true)
#8 /home/ivan/Dropbox/losAlces/www/yii/alces/protected/controllers/SiteController.php(32): CController->render('index')
#9 /home/ivan/Dropbox/losAlces/www/yii/framework/web/actions/CInlineAction.php(49): SiteController->actionIndex()
#10 /home/ivan/Dropbox/losAlces/www/yii/framework/web/CController.php(308): CInlineAction->runWithParams(Array)
#11 /home/ivan/Dropbox/losAlces/www/yii/framework/web/CController.php(286): CController->runAction(Object(CInlineAction))
#12 /home/ivan/Dropbox/losAlces/www/yii/framework/web/CController.php(265): CController->runActionWithFilters(Object(CInlineAction), Array)
#13 /home/ivan/Dropbox/losAlces/www/yii/framework/web/CWebApplication.php(282): CController->run('index')
#14 /home/ivan/Dropbox/losAlces/www/yii/framework/web/CWebApplication.php(141): CWebApplication->runController('site/index')
#15 /home/ivan/Dropbox/losAlces/www/yii/framework/base/CApplication.php(180): CWebApplication->processRequest()
#16 /home/ivan/Dropbox/losAlces/www/yii/alces/index.php(13): CApplication->run()
#17 {main}
REQUEST_URI=/yii/alces/index.php?r=site/index
HTTP_REFERER=http://localhost/yii/alces/index.php?r=usuario/view&id=1
---
2013/08/13 13:36:02 [error] [exception.CHttpException.403] exception 'CHttpException' with message 'You are not authorized to perform this action.' in /home/ivan/Dropbox/losAlces/www/yii/framework/web/auth/CAccessControlFilter.php:182
Stack trace:
#0 /home/ivan/Dropbox/losAlces/www/yii/framework/web/auth/CAccessControlFilter.php(145): CAccessControlFilter->accessDenied(Object(CWebUser), 'You are not aut...')
#1 /home/ivan/Dropbox/losAlces/www/yii/framework/web/filters/CFilter.php(38): CAccessControlFilter->preFilter(Object(CFilterChain))
#2 /home/ivan/Dropbox/losAlces/www/yii/framework/web/CController.php(1145): CFilter->filter(Object(CFilterChain))
#3 /home/ivan/Dropbox/losAlces/www/yii/framework/web/filters/CInlineFilter.php(58): CController->filterAccessControl(Object(CFilterChain))
#4 /home/ivan/Dropbox/losAlces/www/yii/framework/web/filters/CFilterChain.php(130): CInlineFilter->filter(Object(CFilterChain))
#5 /home/ivan/Dropbox/losAlces/www/yii/framework/web/CController.php(291): CFilterChain->run()
#6 /home/ivan/Dropbox/losAlces/www/yii/framework/web/CController.php(265): CController->runActionWithFilters(Object(CInlineAction), Array)
#7 /home/ivan/Dropbox/losAlces/www/yii/framework/web/CWebApplication.php(282): CController->run('admin')
#8 /home/ivan/Dropbox/losAlces/www/yii/framework/web/CWebApplication.php(141): CWebApplication->runController('usuario/admin')
#9 /home/ivan/Dropbox/losAlces/www/yii/framework/base/CApplication.php(180): CWebApplication->processRequest()
#10 /home/ivan/Dropbox/losAlces/www/yii/alces/index.php(13): CApplication->run()
#11 {main}
REQUEST_URI=/yii/alces/index.php?r=usuario/admin
HTTP_REFERER=http://localhost/yii/alces/index.php?r=usuario/view&id=2
---
2013/08/13 13:36:49 [error] [exception.CHttpException.403] exception 'CHttpException' with message 'You are not authorized to perform this action.' in /home/ivan/Dropbox/losAlces/www/yii/framework/web/auth/CAccessControlFilter.php:182
Stack trace:
#0 /home/ivan/Dropbox/losAlces/www/yii/framework/web/auth/CAccessControlFilter.php(145): CAccessControlFilter->accessDenied(Object(CWebUser), 'You are not aut...')
#1 /home/ivan/Dropbox/losAlces/www/yii/framework/web/filters/CFilter.php(38): CAccessControlFilter->preFilter(Object(CFilterChain))
#2 /home/ivan/Dropbox/losAlces/www/yii/framework/web/CController.php(1145): CFilter->filter(Object(CFilterChain))
#3 /home/ivan/Dropbox/losAlces/www/yii/framework/web/filters/CInlineFilter.php(58): CController->filterAccessControl(Object(CFilterChain))
#4 /home/ivan/Dropbox/losAlces/www/yii/framework/web/filters/CFilterChain.php(130): CInlineFilter->filter(Object(CFilterChain))
#5 /home/ivan/Dropbox/losAlces/www/yii/framework/web/CController.php(291): CFilterChain->run()
#6 /home/ivan/Dropbox/losAlces/www/yii/framework/web/CController.php(265): CController->runActionWithFilters(Object(CInlineAction), Array)
#7 /home/ivan/Dropbox/losAlces/www/yii/framework/web/CWebApplication.php(282): CController->run('admin')
#8 /home/ivan/Dropbox/losAlces/www/yii/framework/web/CWebApplication.php(141): CWebApplication->runController('usuario/admin')
#9 /home/ivan/Dropbox/losAlces/www/yii/framework/base/CApplication.php(180): CWebApplication->processRequest()
#10 /home/ivan/Dropbox/losAlces/www/yii/alces/index.php(13): CApplication->run()
#11 {main}
REQUEST_URI=/yii/alces/index.php?r=usuario/admin
HTTP_REFERER=http://localhost/yii/alces/index.php?r=usuario/view&id=2
---
2013/08/13 14:34:44 [error] [php] Undefined variable: _SESSION (/home/ivan/Dropbox/losAlces/www/yii/alces/themes/bootstrap/views/site/index.php:26)
Stack trace:
#0 /home/ivan/Dropbox/losAlces/www/yii/framework/web/CController.php(869): SiteController->renderFile()
#1 /home/ivan/Dropbox/losAlces/www/yii/framework/web/CController.php(782): SiteController->renderPartial()
#2 /home/ivan/Dropbox/losAlces/www/yii/alces/protected/controllers/SiteController.php(32): SiteController->render()
#3 /home/ivan/Dropbox/losAlces/www/yii/framework/web/actions/CInlineAction.php(49): SiteController->actionIndex()
#4 /home/ivan/Dropbox/losAlces/www/yii/framework/web/CController.php(308): CInlineAction->runWithParams()
#5 /home/ivan/Dropbox/losAlces/www/yii/framework/web/CController.php(286): SiteController->runAction()
#6 /home/ivan/Dropbox/losAlces/www/yii/framework/web/CController.php(265): SiteController->runActionWithFilters()
#7 /home/ivan/Dropbox/losAlces/www/yii/framework/web/CWebApplication.php(282): SiteController->run()
#8 /home/ivan/Dropbox/losAlces/www/yii/framework/web/CWebApplication.php(141): CWebApplication->runController()
#9 /home/ivan/Dropbox/losAlces/www/yii/framework/base/CApplication.php(180): CWebApplication->processRequest()
#10 /home/ivan/Dropbox/losAlces/www/yii/alces/index.php(13): CWebApplication->run()
REQUEST_URI=/yii/alces/
in /home/ivan/Dropbox/losAlces/www/yii/alces/themes/bootstrap/views/site/index.php (26)
in /home/ivan/Dropbox/losAlces/www/yii/alces/protected/controllers/SiteController.php (32)
in /home/ivan/Dropbox/losAlces/www/yii/alces/index.php (13)
2013/08/13 14:35:12 [error] [php] Undefined variable: _SESSION (/home/ivan/Dropbox/losAlces/www/yii/alces/themes/bootstrap/views/site/index.php:26)
Stack trace:
#0 /home/ivan/Dropbox/losAlces/www/yii/framework/web/CController.php(869): SiteController->renderFile()
#1 /home/ivan/Dropbox/losAlces/www/yii/framework/web/CController.php(782): SiteController->renderPartial()
#2 /home/ivan/Dropbox/losAlces/www/yii/alces/protected/controllers/SiteController.php(32): SiteController->render()
#3 /home/ivan/Dropbox/losAlces/www/yii/framework/web/actions/CInlineAction.php(49): SiteController->actionIndex()
#4 /home/ivan/Dropbox/losAlces/www/yii/framework/web/CController.php(308): CInlineAction->runWithParams()
#5 /home/ivan/Dropbox/losAlces/www/yii/framework/web/CController.php(286): SiteController->runAction()
#6 /home/ivan/Dropbox/losAlces/www/yii/framework/web/CController.php(265): SiteController->runActionWithFilters()
#7 /home/ivan/Dropbox/losAlces/www/yii/framework/web/CWebApplication.php(282): SiteController->run()
#8 /home/ivan/Dropbox/losAlces/www/yii/framework/web/CWebApplication.php(141): CWebApplication->runController()
#9 /home/ivan/Dropbox/losAlces/www/yii/framework/base/CApplication.php(180): CWebApplication->processRequest()
#10 /home/ivan/Dropbox/losAlces/www/yii/alces/index.php(13): CWebApplication->run()
REQUEST_URI=/yii/alces/
2013/08/13 14:35:20 [error] [php] Undefined variable: _SESSION (/home/ivan/Dropbox/losAlces/www/yii/alces/themes/bootstrap/views/site/index.php:26)
Stack trace:
#0 /home/ivan/Dropbox/losAlces/www/yii/framework/web/CController.php(869): SiteController->renderFile()
#1 /home/ivan/Dropbox/losAlces/www/yii/framework/web/CController.php(782): SiteController->renderPartial()
#2 /home/ivan/Dropbox/losAlces/www/yii/alces/protected/controllers/SiteController.php(32): SiteController->render()
#3 /home/ivan/Dropbox/losAlces/www/yii/framework/web/actions/CInlineAction.php(49): SiteController->actionIndex()
#4 /home/ivan/Dropbox/losAlces/www/yii/framework/web/CController.php(308): CInlineAction->runWithParams()
#5 /home/ivan/Dropbox/losAlces/www/yii/framework/web/CController.php(286): SiteController->runAction()
#6 /home/ivan/Dropbox/losAlces/www/yii/framework/web/CController.php(265): SiteController->runActionWithFilters()
#7 /home/ivan/Dropbox/losAlces/www/yii/framework/web/CWebApplication.php(282): SiteController->run()
#8 /home/ivan/Dropbox/losAlces/www/yii/framework/web/CWebApplication.php(141): CWebApplication->runController()
#9 /home/ivan/Dropbox/losAlces/www/yii/framework/base/CApplication.php(180): CWebApplication->processRequest()
#10 /home/ivan/Dropbox/losAlces/www/yii/alces/index.php(13): CWebApplication->run()
REQUEST_URI=/yii/alces/
in /home/ivan/Dropbox/losAlces/www/yii/alces/themes/bootstrap/views/site/index.php (26)
in /home/ivan/Dropbox/losAlces/www/yii/alces/protected/controllers/SiteController.php (32)
in /home/ivan/Dropbox/losAlces/www/yii/alces/index.php (13)
2013/08/13 14:35:35 [error] [php] Undefined variable: _SESSION (/home/ivan/Dropbox/losAlces/www/yii/alces/themes/bootstrap/views/site/index.php:26)
Stack trace:
#0 /home/ivan/Dropbox/losAlces/www/yii/framework/web/CController.php(869): SiteController->renderFile()
#1 /home/ivan/Dropbox/losAlces/www/yii/framework/web/CController.php(782): SiteController->renderPartial()
#2 /home/ivan/Dropbox/losAlces/www/yii/alces/protected/controllers/SiteController.php(32): SiteController->render()
#3 /home/ivan/Dropbox/losAlces/www/yii/framework/web/actions/CInlineAction.php(49): SiteController->actionIndex()
#4 /home/ivan/Dropbox/losAlces/www/yii/framework/web/CController.php(308): CInlineAction->runWithParams()
#5 /home/ivan/Dropbox/losAlces/www/yii/framework/web/CController.php(286): SiteController->runAction()
#6 /home/ivan/Dropbox/losAlces/www/yii/framework/web/CController.php(265): SiteController->runActionWithFilters()
#7 /home/ivan/Dropbox/losAlces/www/yii/framework/web/CWebApplication.php(282): SiteController->run()
#8 /home/ivan/Dropbox/losAlces/www/yii/framework/web/CWebApplication.php(141): CWebApplication->runController()
#9 /home/ivan/Dropbox/losAlces/www/yii/framework/base/CApplication.php(180): CWebApplication->processRequest()
#10 /home/ivan/Dropbox/losAlces/www/yii/alces/index.php(13): CWebApplication->run()
REQUEST_URI=/yii/alces/
in /home/ivan/Dropbox/losAlces/www/yii/alces/themes/bootstrap/views/site/index.php (26)
in /home/ivan/Dropbox/losAlces/www/yii/alces/protected/controllers/SiteController.php (32)
in /home/ivan/Dropbox/losAlces/www/yii/alces/index.php (13)
2013/08/13 14:35:37 [error] [php] Undefined variable: _SESSION (/home/ivan/Dropbox/losAlces/www/yii/alces/themes/bootstrap/views/site/index.php:26)
Stack trace:
#0 /home/ivan/Dropbox/losAlces/www/yii/framework/web/CController.php(869): SiteController->renderFile()
#1 /home/ivan/Dropbox/losAlces/www/yii/framework/web/CController.php(782): SiteController->renderPartial()
#2 /home/ivan/Dropbox/losAlces/www/yii/alces/protected/controllers/SiteController.php(32): SiteController->render()
#3 /home/ivan/Dropbox/losAlces/www/yii/framework/web/actions/CInlineAction.php(49): SiteController->actionIndex()
#4 /home/ivan/Dropbox/losAlces/www/yii/framework/web/CController.php(308): CInlineAction->runWithParams()
#5 /home/ivan/Dropbox/losAlces/www/yii/framework/web/CController.php(286): SiteController->runAction()
#6 /home/ivan/Dropbox/losAlces/www/yii/framework/web/CController.php(265): SiteController->runActionWithFilters()
#7 /home/ivan/Dropbox/losAlces/www/yii/framework/web/CWebApplication.php(282): SiteController->run()
#8 /home/ivan/Dropbox/losAlces/www/yii/framework/web/CWebApplication.php(141): CWebApplication->runController()
#9 /home/ivan/Dropbox/losAlces/www/yii/framework/base/CApplication.php(180): CWebApplication->processRequest()
#10 /home/ivan/Dropbox/losAlces/www/yii/alces/index.php(13): CWebApplication->run()
REQUEST_URI=/yii/alces/
in /home/ivan/Dropbox/losAlces/www/yii/alces/themes/bootstrap/views/site/index.php (26)
in /home/ivan/Dropbox/losAlces/www/yii/alces/protected/controllers/SiteController.php (32)
in /home/ivan/Dropbox/losAlces/www/yii/alces/index.php (13)
2013/08/13 16:18:35 [error] [php] Undefined variable: _SESSION (/home/ivan/Dropbox/losAlces/www/yii/alces/themes/bootstrap/views/site/index.php:26)
Stack trace:
#0 /home/ivan/Dropbox/losAlces/www/yii/framework/web/CController.php(869): SiteController->renderFile()
#1 /home/ivan/Dropbox/losAlces/www/yii/framework/web/CController.php(782): SiteController->renderPartial()
#2 /home/ivan/Dropbox/losAlces/www/yii/alces/protected/controllers/SiteController.php(32): SiteController->render()
#3 /home/ivan/Dropbox/losAlces/www/yii/framework/web/actions/CInlineAction.php(49): SiteController->actionIndex()
#4 /home/ivan/Dropbox/losAlces/www/yii/framework/web/CController.php(308): CInlineAction->runWithParams()
#5 /home/ivan/Dropbox/losAlces/www/yii/framework/web/CController.php(286): SiteController->runAction()
#6 /home/ivan/Dropbox/losAlces/www/yii/framework/web/CController.php(265): SiteController->runActionWithFilters()
#7 /home/ivan/Dropbox/losAlces/www/yii/framework/web/CWebApplication.php(282): SiteController->run()
#8 /home/ivan/Dropbox/losAlces/www/yii/framework/web/CWebApplication.php(141): CWebApplication->runController()
#9 /home/ivan/Dropbox/losAlces/www/yii/framework/base/CApplication.php(180): CWebApplication->processRequest()
#10 /home/ivan/Dropbox/losAlces/www/yii/alces/index.php(13): CWebApplication->run()
REQUEST_URI=/yii/alces/
in /home/ivan/Dropbox/losAlces/www/yii/alces/themes/bootstrap/views/site/index.php (26)
in /home/ivan/Dropbox/losAlces/www/yii/alces/protected/controllers/SiteController.php (32)
in /home/ivan/Dropbox/losAlces/www/yii/alces/index.php (13)
2013/08/13 16:19:26 [error] [php] Undefined variable: _SESSION (/home/ivan/Dropbox/losAlces/www/yii/alces/themes/bootstrap/views/site/index.php:26)
Stack trace:
#0 /home/ivan/Dropbox/losAlces/www/yii/framework/web/CController.php(869): SiteController->renderFile()
#1 /home/ivan/Dropbox/losAlces/www/yii/framework/web/CController.php(782): SiteController->renderPartial()
#2 /home/ivan/Dropbox/losAlces/www/yii/alces/protected/controllers/SiteController.php(32): SiteController->render()
#3 /home/ivan/Dropbox/losAlces/www/yii/framework/web/actions/CInlineAction.php(49): SiteController->actionIndex()
#4 /home/ivan/Dropbox/losAlces/www/yii/framework/web/CController.php(308): CInlineAction->runWithParams()
#5 /home/ivan/Dropbox/losAlces/www/yii/framework/web/CController.php(286): SiteController->runAction()
#6 /home/ivan/Dropbox/losAlces/www/yii/framework/web/CController.php(265): SiteController->runActionWithFilters()
#7 /home/ivan/Dropbox/losAlces/www/yii/framework/web/CWebApplication.php(282): SiteController->run()
#8 /home/ivan/Dropbox/losAlces/www/yii/framework/web/CWebApplication.php(141): CWebApplication->runController()
#9 /home/ivan/Dropbox/losAlces/www/yii/framework/base/CApplication.php(180): CWebApplication->processRequest()
#10 /home/ivan/Dropbox/losAlces/www/yii/alces/index.php(13): CWebApplication->run()
REQUEST_URI=/yii/alces/
in /home/ivan/Dropbox/losAlces/www/yii/alces/themes/bootstrap/views/site/index.php (26)
in /home/ivan/Dropbox/losAlces/www/yii/alces/protected/controllers/SiteController.php (32)
in /home/ivan/Dropbox/losAlces/www/yii/alces/index.php (13)
2013/08/13 16:19:52 [error] [exception.CHttpException.404] exception 'CHttpException' with message 'Unable to resolve the request "bla".' in /home/ivan/Dropbox/losAlces/www/yii/framework/web/CWebApplication.php:286
Stack trace:
#0 /home/ivan/Dropbox/losAlces/www/yii/framework/web/CWebApplication.php(141): CWebApplication->runController('bla')
#1 /home/ivan/Dropbox/losAlces/www/yii/framework/base/CApplication.php(180): CWebApplication->processRequest()
#2 /home/ivan/Dropbox/losAlces/www/yii/alces/index.php(13): CApplication->run()
#3 {main}
REQUEST_URI=/yii/alces/bla
---
2013/08/13 16:32:29 [error] [exception.CHttpException.404] exception 'CHttpException' with message 'The system is unable to find the requested action "usuarios".' in /home/ivan/Dropbox/losAlces/www/yii/framework/web/CController.php:483
Stack trace:
#0 /home/ivan/Dropbox/losAlces/www/yii/framework/web/CController.php(270): CController->missingAction('usuarios')
#1 /home/ivan/Dropbox/losAlces/www/yii/framework/web/CWebApplication.php(282): CController->run('usuarios')
#2 /home/ivan/Dropbox/losAlces/www/yii/framework/web/CWebApplication.php(141): CWebApplication->runController('site/usuarios')
#3 /home/ivan/Dropbox/losAlces/www/yii/framework/base/CApplication.php(180): CWebApplication->processRequest()
#4 /home/ivan/Dropbox/losAlces/www/yii/alces/index.php(13): CApplication->run()
#5 {main}
REQUEST_URI=/yii/alces/site/usuarios
---
2013/08/13 16:32:32 [error] [exception.CHttpException.404] exception 'CHttpException' with message 'The system is unable to find the requested action "usuario".' in /home/ivan/Dropbox/losAlces/www/yii/framework/web/CController.php:483
Stack trace:
#0 /home/ivan/Dropbox/losAlces/www/yii/framework/web/CController.php(270): CController->missingAction('usuario')
#1 /home/ivan/Dropbox/losAlces/www/yii/framework/web/CWebApplication.php(282): CController->run('usuario')
#2 /home/ivan/Dropbox/losAlces/www/yii/framework/web/CWebApplication.php(141): CWebApplication->runController('site/usuario')
#3 /home/ivan/Dropbox/losAlces/www/yii/framework/base/CApplication.php(180): CWebApplication->processRequest()
#4 /home/ivan/Dropbox/losAlces/www/yii/alces/index.php(13): CApplication->run()
#5 {main}
REQUEST_URI=/yii/alces/site/usuario
---
2013/08/14 15:33:55 [error] [php] Undefined variable: model (/home/ivan/Dropbox/losAlces/www/yii/alces/themes/bootstrap/views/site/index.php:13)
Stack trace:
#0 /home/ivan/Dropbox/losAlces/www/yii/framework/web/CController.php(869): SiteController->renderFile()
#1 /home/ivan/Dropbox/losAlces/www/yii/framework/web/CController.php(782): SiteController->renderPartial()
#2 /home/ivan/Dropbox/losAlces/www/yii/alces/protected/controllers/SiteController.php(32): SiteController->render()
#3 /home/ivan/Dropbox/losAlces/www/yii/framework/web/actions/CInlineAction.php(49): SiteController->actionIndex()
#4 /home/ivan/Dropbox/losAlces/www/yii/framework/web/CController.php(308): CInlineAction->runWithParams()
#5 /home/ivan/Dropbox/losAlces/www/yii/framework/web/CController.php(286): SiteController->runAction()
#6 /home/ivan/Dropbox/losAlces/www/yii/framework/web/CController.php(265): SiteController->runActionWithFilters()
#7 /home/ivan/Dropbox/losAlces/www/yii/framework/web/CWebApplication.php(282): SiteController->run()
#8 /home/ivan/Dropbox/losAlces/www/yii/framework/web/CWebApplication.php(141): CWebApplication->runController()
#9 /home/ivan/Dropbox/losAlces/www/yii/framework/base/CApplication.php(180): CWebApplication->processRequest()
#10 /home/ivan/Dropbox/losAlces/www/yii/alces/index.php(13): CWebApplication->run()
REQUEST_URI=/yii/alces/
in /home/ivan/Dropbox/losAlces/www/yii/alces/themes/bootstrap/views/site/index.php (13)
in /home/ivan/Dropbox/losAlces/www/yii/alces/protected/controllers/SiteController.php (32)
in /home/ivan/Dropbox/losAlces/www/yii/alces/index.php (13)
2013/08/14 15:38:16 [error] [php] strpos() expects parameter 1 to be string, array given (/home/ivan/Dropbox/losAlces/www/yii/framework/web/helpers/CHtml.php:2477)
Stack trace:
#0 /home/ivan/Dropbox/losAlces/www/yii/framework/web/helpers/CHtml.php(1432): resolveNameID()
#1 /home/ivan/Dropbox/losAlces/www/yii/framework/web/widgets/CActiveForm.php(725): activeTextField()
#2 /home/ivan/Dropbox/losAlces/www/yii/alces/protected/extensions/bootstrap/widgets/input/TbInputVertical.php(142): TbActiveForm->textField()
#3 /home/ivan/Dropbox/losAlces/www/yii/alces/protected/extensions/bootstrap/widgets/input/TbInput.php(230): TbInputVertical->textField()
#4 /home/ivan/Dropbox/losAlces/www/yii/framework/web/CBaseController.php(173): TbInputVertical->run()
#5 /home/ivan/Dropbox/losAlces/www/yii/alces/protected/extensions/bootstrap/widgets/TbActiveForm.php(497): SiteController->widget()
#6 /home/ivan/Dropbox/losAlces/www/yii/alces/protected/extensions/bootstrap/widgets/TbActiveForm.php(186): TbActiveForm->inputRow()
#7 /home/ivan/Dropbox/losAlces/www/yii/alces/themes/bootstrap/views/site/index.php(13): TbActiveForm->textFieldRow()
#8 /home/ivan/Dropbox/losAlces/www/yii/framework/web/CBaseController.php(126): require()
#9 /home/ivan/Dropbox/losAlces/www/yii/framework/web/CBaseController.php(95): SiteController->renderInternal()
#10 /home/ivan/Dropbox/losAlces/www/yii/framework/web/CController.php(869): SiteController->renderFile()
#11 /home/ivan/Dropbox/losAlces/www/yii/framework/web/CController.php(782): SiteController->renderPartial()
#12 /home/ivan/Dropbox/losAlces/www/yii/alces/protected/controllers/SiteController.php(32): SiteController->render()
#13 /home/ivan/Dropbox/losAlces/www/yii/framework/web/actions/CInlineAction.php(49): SiteController->actionIndex()
#14 /home/ivan/Dropbox/losAlces/www/yii/framework/web/CController.php(308): CInlineAction->runWithParams()
#15 /home/ivan/Dropbox/losAlces/www/yii/framework/web/CController.php(286): SiteController->runAction()
#16 /home/ivan/Dropbox/losAlces/www/yii/framework/web/CController.php(265): SiteController->runActionWithFilters()
#17 /home/ivan/Dropbox/losAlces/www/yii/framework/web/CWebApplication.php(282): SiteController->run()
#18 /home/ivan/Dropbox/losAlces/www/yii/framework/web/CWebApplication.php(141): CWebApplication->runController()
#19 /home/ivan/Dropbox/losAlces/www/yii/framework/base/CApplication.php(180): CWebApplication->processRequest()
#20 /home/ivan/Dropbox/losAlces/www/yii/alces/index.php(13): CWebApplication->run()
REQUEST_URI=/yii/alces/
in /home/ivan/Dropbox/losAlces/www/yii/alces/protected/extensions/bootstrap/widgets/input/TbInputVertical.php (142)
in /home/ivan/Dropbox/losAlces/www/yii/alces/protected/extensions/bootstrap/widgets/input/TbInput.php (230)
in /home/ivan/Dropbox/losAlces/www/yii/alces/protected/extensions/bootstrap/widgets/TbActiveForm.php (497)
2013/08/14 16:10:14 [error] [php] Undefined variable: model (/home/ivan/Dropbox/losAlces/www/yii/alces/themes/bootstrap/views/site/index.php:13)
Stack trace:
#0 /home/ivan/Dropbox/losAlces/www/yii/framework/web/CController.php(869): SiteController->renderFile()
#1 /home/ivan/Dropbox/losAlces/www/yii/framework/web/CController.php(782): SiteController->renderPartial()
#2 /home/ivan/Dropbox/losAlces/www/yii/alces/protected/controllers/SiteController.php(32): SiteController->render()
#3 /home/ivan/Dropbox/losAlces/www/yii/framework/web/actions/CInlineAction.php(49): SiteController->actionIndex()
#4 /home/ivan/Dropbox/losAlces/www/yii/framework/web/CController.php(308): CInlineAction->runWithParams()
#5 /home/ivan/Dropbox/losAlces/www/yii/framework/web/CController.php(286): SiteController->runAction()
#6 /home/ivan/Dropbox/losAlces/www/yii/framework/web/CController.php(265): SiteController->runActionWithFilters()
#7 /home/ivan/Dropbox/losAlces/www/yii/framework/web/CWebApplication.php(282): SiteController->run()
#8 /home/ivan/Dropbox/losAlces/www/yii/framework/web/CWebApplication.php(141): CWebApplication->runController()
#9 /home/ivan/Dropbox/losAlces/www/yii/framework/base/CApplication.php(180): CWebApplication->processRequest()
#10 /home/ivan/Dropbox/losAlces/www/yii/alces/index.php(13): CWebApplication->run()
REQUEST_URI=/yii/alces/
in /home/ivan/Dropbox/losAlces/www/yii/alces/themes/bootstrap/views/site/index.php (13)
in /home/ivan/Dropbox/losAlces/www/yii/alces/protected/controllers/SiteController.php (32)
in /home/ivan/Dropbox/losAlces/www/yii/alces/index.php (13)
2013/08/14 16:26:59 [error] [php] Undefined variable: model (/home/ivan/Dropbox/losAlces/www/yii/alces/protected/controllers/SiteController.php:32)
Stack trace:
#0 /home/ivan/Dropbox/losAlces/www/yii/framework/web/CController.php(286): SiteController->runAction()
#1 /home/ivan/Dropbox/losAlces/www/yii/framework/web/CController.php(265): SiteController->runActionWithFilters()
#2 /home/ivan/Dropbox/losAlces/www/yii/framework/web/CWebApplication.php(282): SiteController->run()
#3 /home/ivan/Dropbox/losAlces/www/yii/framework/web/CWebApplication.php(141): CWebApplication->runController()
#4 /home/ivan/Dropbox/losAlces/www/yii/framework/base/CApplication.php(180): CWebApplication->processRequest()
#5 /home/ivan/Dropbox/losAlces/www/yii/alces/index.php(13): CWebApplication->run()
REQUEST_URI=/yii/alces/
in /home/ivan/Dropbox/losAlces/www/yii/alces/protected/controllers/SiteController.php (32)
in /home/ivan/Dropbox/losAlces/www/yii/alces/index.php (13)
2013/08/14 16:41:15 [error] [exception.CHttpException.404] exception 'CHttpException' with message 'The system is unable to find the requested action "index".' in /home/ivan/Dropbox/losAlces/www/yii/framework/web/CController.php:483
Stack trace:
#0 /home/ivan/Dropbox/losAlces/www/yii/framework/web/CController.php(270): CController->missingAction('')
#1 /home/ivan/Dropbox/losAlces/www/yii/framework/web/CWebApplication.php(282): CController->run('')
#2 /home/ivan/Dropbox/losAlces/www/yii/framework/web/CWebApplication.php(141): CWebApplication->runController('Login')
#3 /home/ivan/Dropbox/losAlces/www/yii/framework/base/CApplication.php(180): CWebApplication->processRequest()
#4 /home/ivan/Dropbox/losAlces/www/yii/alces/index.php(13): CApplication->run()
#5 {main}
REQUEST_URI=/yii/alces/Login
---
2013/08/14 16:41:20 [error] [exception.CHttpException.404] exception 'CHttpException' with message 'The system is unable to find the requested action "index".' in /home/ivan/Dropbox/losAlces/www/yii/framework/web/CController.php:483
Stack trace:
#0 /home/ivan/Dropbox/losAlces/www/yii/framework/web/CController.php(270): CController->missingAction('')
#1 /home/ivan/Dropbox/losAlces/www/yii/framework/web/CWebApplication.php(282): CController->run('')
#2 /home/ivan/Dropbox/losAlces/www/yii/framework/web/CWebApplication.php(141): CWebApplication->runController('login')
#3 /home/ivan/Dropbox/losAlces/www/yii/framework/base/CApplication.php(180): CWebApplication->processRequest()
#4 /home/ivan/Dropbox/losAlces/www/yii/alces/index.php(13): CApplication->run()
#5 {main}
REQUEST_URI=/yii/alces/login
---
2013/08/14 16:49:11 [error] [php] Undefined variable: model (/home/ivan/Dropbox/losAlces/www/yii/alces/protected/controllers/SiteController.php:33)
Stack trace:
#0 /home/ivan/Dropbox/losAlces/www/yii/framework/web/CController.php(286): SiteController->runAction()
#1 /home/ivan/Dropbox/losAlces/www/yii/framework/web/CController.php(265): SiteController->runActionWithFilters()
#2 /home/ivan/Dropbox/losAlces/www/yii/framework/web/CWebApplication.php(282): SiteController->run()
#3 /home/ivan/Dropbox/losAlces/www/yii/framework/web/CWebApplication.php(141): CWebApplication->runController()
#4 /home/ivan/Dropbox/losAlces/www/yii/framework/base/CApplication.php(180): CWebApplication->processRequest()
#5 /home/ivan/Dropbox/losAlces/www/yii/alces/index.php(13): CWebApplication->run()
REQUEST_URI=/yii/alces/site/index
in /home/ivan/Dropbox/losAlces/www/yii/alces/protected/controllers/SiteController.php (33)
in /home/ivan/Dropbox/losAlces/www/yii/alces/index.php (13)
2013/08/14 17:05:31 [error] [php] Undefined variable: model (/home/ivan/Dropbox/losAlces/www/yii/alces/protected/controllers/SiteController.php:33)
Stack trace:
#0 /home/ivan/Dropbox/losAlces/www/yii/framework/web/CController.php(286): SiteController->runAction()
#1 /home/ivan/Dropbox/losAlces/www/yii/framework/web/CController.php(265): SiteController->runActionWithFilters()
#2 /home/ivan/Dropbox/losAlces/www/yii/framework/web/CWebApplication.php(282): SiteController->run()
#3 /home/ivan/Dropbox/losAlces/www/yii/framework/web/CWebApplication.php(141): CWebApplication->runController()
#4 /home/ivan/Dropbox/losAlces/www/yii/framework/base/CApplication.php(180): CWebApplication->processRequest()
#5 /home/ivan/Dropbox/losAlces/www/yii/alces/index.php(13): CWebApplication->run()
REQUEST_URI=/yii/alces/site/index
in /home/ivan/Dropbox/losAlces/www/yii/alces/protected/controllers/SiteController.php (33)
in /home/ivan/Dropbox/losAlces/www/yii/alces/index.php (13)
2013/08/14 17:05:32 [error] [php] Undefined variable: model (/home/ivan/Dropbox/losAlces/www/yii/alces/protected/controllers/SiteController.php:33)
Stack trace:
#0 /home/ivan/Dropbox/losAlces/www/yii/framework/web/CController.php(286): SiteController->runAction()
#1 /home/ivan/Dropbox/losAlces/www/yii/framework/web/CController.php(265): SiteController->runActionWithFilters()
#2 /home/ivan/Dropbox/losAlces/www/yii/framework/web/CWebApplication.php(282): SiteController->run()
#3 /home/ivan/Dropbox/losAlces/www/yii/framework/web/CWebApplication.php(141): CWebApplication->runController()
#4 /home/ivan/Dropbox/losAlces/www/yii/framework/base/CApplication.php(180): CWebApplication->processRequest()
#5 /home/ivan/Dropbox/losAlces/www/yii/alces/index.php(13): CWebApplication->run()
REQUEST_URI=/yii/alces/site/index
in /home/ivan/Dropbox/losAlces/www/yii/alces/protected/controllers/SiteController.php (33)
in /home/ivan/Dropbox/losAlces/www/yii/alces/index.php (13)
2013/08/14 17:05:32 [error] [php] Undefined variable: model (/home/ivan/Dropbox/losAlces/www/yii/alces/protected/controllers/SiteController.php:33)
Stack trace:
#0 /home/ivan/Dropbox/losAlces/www/yii/framework/web/CController.php(286): SiteController->runAction()
#1 /home/ivan/Dropbox/losAlces/www/yii/framework/web/CController.php(265): SiteController->runActionWithFilters()
#2 /home/ivan/Dropbox/losAlces/www/yii/framework/web/CWebApplication.php(282): SiteController->run()
#3 /home/ivan/Dropbox/losAlces/www/yii/framework/web/CWebApplication.php(141): CWebApplication->runController()
#4 /home/ivan/Dropbox/losAlces/www/yii/framework/base/CApplication.php(180): CWebApplication->processRequest()
#5 /home/ivan/Dropbox/losAlces/www/yii/alces/index.php(13): CWebApplication->run()
REQUEST_URI=/yii/alces/site/index
in /home/ivan/Dropbox/losAlces/www/yii/alces/protected/controllers/SiteController.php (33)
in /home/ivan/Dropbox/losAlces/www/yii/alces/index.php (13)
2013/08/14 17:05:33 [error] [php] Undefined variable: model (/home/ivan/Dropbox/losAlces/www/yii/alces/protected/controllers/SiteController.php:33)
Stack trace:
#0 /home/ivan/Dropbox/losAlces/www/yii/framework/web/CController.php(286): SiteController->runAction()
#1 /home/ivan/Dropbox/losAlces/www/yii/framework/web/CController.php(265): SiteController->runActionWithFilters()
#2 /home/ivan/Dropbox/losAlces/www/yii/framework/web/CWebApplication.php(282): SiteController->run()
#3 /home/ivan/Dropbox/losAlces/www/yii/framework/web/CWebApplication.php(141): CWebApplication->runController()
#4 /home/ivan/Dropbox/losAlces/www/yii/framework/base/CApplication.php(180): CWebApplication->processRequest()
#5 /home/ivan/Dropbox/losAlces/www/yii/alces/index.php(13): CWebApplication->run()
REQUEST_URI=/yii/alces/site/index
in /home/ivan/Dropbox/losAlces/www/yii/alces/protected/controllers/SiteController.php (33)
in /home/ivan/Dropbox/losAlces/www/yii/alces/index.php (13)
2013/08/14 17:05:33 [error] [php] Undefined variable: model (/home/ivan/Dropbox/losAlces/www/yii/alces/protected/controllers/SiteController.php:33)
Stack trace:
#0 /home/ivan/Dropbox/losAlces/www/yii/framework/web/CController.php(286): SiteController->runAction()
#1 /home/ivan/Dropbox/losAlces/www/yii/framework/web/CController.php(265): SiteController->runActionWithFilters()
#2 /home/ivan/Dropbox/losAlces/www/yii/framework/web/CWebApplication.php(282): SiteController->run()
#3 /home/ivan/Dropbox/losAlces/www/yii/framework/web/CWebApplication.php(141): CWebApplication->runController()
#4 /home/ivan/Dropbox/losAlces/www/yii/framework/base/CApplication.php(180): CWebApplication->processRequest()
#5 /home/ivan/Dropbox/losAlces/www/yii/alces/index.php(13): CWebApplication->run()
REQUEST_URI=/yii/alces/site/index
in /home/ivan/Dropbox/losAlces/www/yii/alces/protected/controllers/SiteController.php (33)
in /home/ivan/Dropbox/losAlces/www/yii/alces/index.php (13)
2013/08/14 17:05:33 [error] [php] Undefined variable: model (/home/ivan/Dropbox/losAlces/www/yii/alces/protected/controllers/SiteController.php:33)
Stack trace:
#0 /home/ivan/Dropbox/losAlces/www/yii/framework/web/CController.php(286): SiteController->runAction()
#1 /home/ivan/Dropbox/losAlces/www/yii/framework/web/CController.php(265): SiteController->runActionWithFilters()
#2 /home/ivan/Dropbox/losAlces/www/yii/framework/web/CWebApplication.php(282): SiteController->run()
#3 /home/ivan/Dropbox/losAlces/www/yii/framework/web/CWebApplication.php(141): CWebApplication->runController()
#4 /home/ivan/Dropbox/losAlces/www/yii/framework/base/CApplication.php(180): CWebApplication->processRequest()
#5 /home/ivan/Dropbox/losAlces/www/yii/alces/index.php(13): CWebApplication->run()
REQUEST_URI=/yii/alces/site/index
in /home/ivan/Dropbox/losAlces/www/yii/alces/protected/controllers/SiteController.php (33)
in /home/ivan/Dropbox/losAlces/www/yii/alces/index.php (13)
2013/08/14 17:05:57 [error] [exception.CHttpException.404] exception 'CHttpException' with message 'The system is unable to find the requested action "index".' in /home/ivan/Dropbox/losAlces/www/yii/framework/web/CController.php:483
Stack trace:
#0 /home/ivan/Dropbox/losAlces/www/yii/framework/web/CController.php(270): CController->missingAction('')
#1 /home/ivan/Dropbox/losAlces/www/yii/framework/web/CWebApplication.php(282): CController->run('')
#2 /home/ivan/Dropbox/losAlces/www/yii/framework/web/CWebApplication.php(141): CWebApplication->runController('')
#3 /home/ivan/Dropbox/losAlces/www/yii/framework/base/CApplication.php(180): CWebApplication->processRequest()
#4 /home/ivan/Dropbox/losAlces/www/yii/alces/index.php(13): CApplication->run()
#5 {main}
REQUEST_URI=/yii/alces/
---
2013/08/14 17:08:41 [error] [exception.CException] exception 'CException' with message 'LoginController cannot find the requested view "login.index".' in /home/ivan/Dropbox/losAlces/www/yii/framework/web/CController.php:878
Stack trace:
#0 /home/ivan/Dropbox/losAlces/www/yii/framework/web/CController.php(782): CController->renderPartial('login.index', NULL, true)
#1 /home/ivan/Dropbox/losAlces/www/yii/alces/protected/controllers/LoginController.php(23): CController->render('login.index')
#2 /home/ivan/Dropbox/losAlces/www/yii/framework/web/actions/CInlineAction.php(49): LoginController->actionIndex()
#3 /home/ivan/Dropbox/losAlces/www/yii/framework/web/CController.php(308): CInlineAction->runWithParams(Array)
#4 /home/ivan/Dropbox/losAlces/www/yii/framework/web/CController.php(286): CController->runAction(Object(CInlineAction))
#5 /home/ivan/Dropbox/losAlces/www/yii/framework/web/CController.php(265): CController->runActionWithFilters(Object(CInlineAction), Array)
#6 /home/ivan/Dropbox/losAlces/www/yii/framework/web/CWebApplication.php(282): CController->run('')
#7 /home/ivan/Dropbox/losAlces/www/yii/framework/web/CWebApplication.php(141): CWebApplication->runController('')
#8 /home/ivan/Dropbox/losAlces/www/yii/framework/base/CApplication.php(180): CWebApplication->processRequest()
#9 /home/ivan/Dropbox/losAlces/www/yii/alces/index.php(13): CApplication->run()
#10 {main}
REQUEST_URI=/yii/alces/
---
2013/08/14 17:10:28 [error] [exception.CException] exception 'CException' with message 'LoginController cannot find the requested view "login.index".' in /home/ivan/Dropbox/losAlces/www/yii/framework/web/CController.php:878
Stack trace:
#0 /home/ivan/Dropbox/losAlces/www/yii/framework/web/CController.php(782): CController->renderPartial('login.index', NULL, true)
#1 /home/ivan/Dropbox/losAlces/www/yii/alces/protected/controllers/LoginController.php(23): CController->render('login.index')
#2 /home/ivan/Dropbox/losAlces/www/yii/framework/web/actions/CInlineAction.php(49): LoginController->actionIndex()
#3 /home/ivan/Dropbox/losAlces/www/yii/framework/web/CController.php(308): CInlineAction->runWithParams(Array)
#4 /home/ivan/Dropbox/losAlces/www/yii/framework/web/CController.php(286): CController->runAction(Object(CInlineAction))
#5 /home/ivan/Dropbox/losAlces/www/yii/framework/web/CController.php(265): CController->runActionWithFilters(Object(CInlineAction), Array)
#6 /home/ivan/Dropbox/losAlces/www/yii/framework/web/CWebApplication.php(282): CController->run('')
#7 /home/ivan/Dropbox/losAlces/www/yii/framework/web/CWebApplication.php(141): CWebApplication->runController('')
#8 /home/ivan/Dropbox/losAlces/www/yii/framework/base/CApplication.php(180): CWebApplication->processRequest()
#9 /home/ivan/Dropbox/losAlces/www/yii/alces/index.php(13): CApplication->run()
#10 {main}
REQUEST_URI=/yii/alces/
---
2013/08/14 17:10:32 [error] [exception.CException] exception 'CException' with message 'LoginController cannot find the requested view "login.index".' in /home/ivan/Dropbox/losAlces/www/yii/framework/web/CController.php:878
Stack trace:
#0 /home/ivan/Dropbox/losAlces/www/yii/framework/web/CController.php(782): CController->renderPartial('login.index', NULL, true)
#1 /home/ivan/Dropbox/losAlces/www/yii/alces/protected/controllers/LoginController.php(23): CController->render('login.index')
#2 /home/ivan/Dropbox/losAlces/www/yii/framework/web/actions/CInlineAction.php(49): LoginController->actionIndex()
#3 /home/ivan/Dropbox/losAlces/www/yii/framework/web/CController.php(308): CInlineAction->runWithParams(Array)
#4 /home/ivan/Dropbox/losAlces/www/yii/framework/web/CController.php(286): CController->runAction(Object(CInlineAction))
#5 /home/ivan/Dropbox/losAlces/www/yii/framework/web/CController.php(265): CController->runActionWithFilters(Object(CInlineAction), Array)
#6 /home/ivan/Dropbox/losAlces/www/yii/framework/web/CWebApplication.php(282): CController->run('')
#7 /home/ivan/Dropbox/losAlces/www/yii/framework/web/CWebApplication.php(141): CWebApplication->runController('')
#8 /home/ivan/Dropbox/losAlces/www/yii/framework/base/CApplication.php(180): CWebApplication->processRequest()
#9 /home/ivan/Dropbox/losAlces/www/yii/alces/index.php(13): CApplication->run()
#10 {main}
REQUEST_URI=/yii/alces/
---
2013/08/14 17:10:39 [error] [php] Undefined variable: model (/home/ivan/Dropbox/losAlces/www/yii/alces/themes/bootstrap/views/login/index.php:13)
Stack trace:
#0 /home/ivan/Dropbox/losAlces/www/yii/framework/web/CController.php(869): LoginController->renderFile()
#1 /home/ivan/Dropbox/losAlces/www/yii/framework/web/CController.php(782): LoginController->renderPartial()
#2 /home/ivan/Dropbox/losAlces/www/yii/alces/protected/controllers/LoginController.php(23): LoginController->render()
#3 /home/ivan/Dropbox/losAlces/www/yii/framework/web/actions/CInlineAction.php(49): LoginController->actionIndex()
#4 /home/ivan/Dropbox/losAlces/www/yii/framework/web/CController.php(308): CInlineAction->runWithParams()
#5 /home/ivan/Dropbox/losAlces/www/yii/framework/web/CController.php(286): LoginController->runAction()
#6 /home/ivan/Dropbox/losAlces/www/yii/framework/web/CController.php(265): LoginController->runActionWithFilters()
#7 /home/ivan/Dropbox/losAlces/www/yii/framework/web/CWebApplication.php(282): LoginController->run()
#8 /home/ivan/Dropbox/losAlces/www/yii/framework/web/CWebApplication.php(141): CWebApplication->runController()
#9 /home/ivan/Dropbox/losAlces/www/yii/framework/base/CApplication.php(180): CWebApplication->processRequest()
#10 /home/ivan/Dropbox/losAlces/www/yii/alces/index.php(13): CWebApplication->run()
REQUEST_URI=/yii/alces/
in /home/ivan/Dropbox/losAlces/www/yii/alces/themes/bootstrap/views/login/index.php (13)
in /home/ivan/Dropbox/losAlces/www/yii/alces/protected/controllers/LoginController.php (23)
in /home/ivan/Dropbox/losAlces/www/yii/alces/index.php (13)
2013/08/14 17:19:36 [error] [exception.CHttpException.404] exception 'CHttpException' with message 'Unable to resolve the request "sites".' in /home/ivan/Dropbox/losAlces/www/yii/framework/web/CWebApplication.php:286
Stack trace:
#0 /home/ivan/Dropbox/losAlces/www/yii/framework/web/CWebApplication.php(141): CWebApplication->runController('sites')
#1 /home/ivan/Dropbox/losAlces/www/yii/framework/base/CApplication.php(180): CWebApplication->processRequest()
#2 /home/ivan/Dropbox/losAlces/www/yii/alces/index.php(13): CApplication->run()
#3 {main}
REQUEST_URI=/yii/alces/sites
---
2013/08/14 17:19:46 [error] [exception.CHttpException.404] exception 'CHttpException' with message 'The requested view "index" was not found.' in /home/ivan/Dropbox/losAlces/www/yii/framework/web/actions/CViewAction.php:112
Stack trace:
#0 /home/ivan/Dropbox/losAlces/www/yii/framework/web/actions/CViewAction.php(123): CViewAction->resolveView('index')
#1 /home/ivan/Dropbox/losAlces/www/yii/framework/web/actions/CAction.php(76): CViewAction->run()
#2 /home/ivan/Dropbox/losAlces/www/yii/framework/web/CController.php(308): CAction->runWithParams(Array)
#3 /home/ivan/Dropbox/losAlces/www/yii/framework/web/CController.php(286): CController->runAction(Object(CViewAction))
#4 /home/ivan/Dropbox/losAlces/www/yii/framework/web/CController.php(265): CController->runActionWithFilters(Object(CViewAction), Array)
#5 /home/ivan/Dropbox/losAlces/www/yii/framework/web/CWebApplication.php(282): CController->run('page')
#6 /home/ivan/Dropbox/losAlces/www/yii/framework/web/CWebApplication.php(141): CWebApplication->runController('site/page')
#7 /home/ivan/Dropbox/losAlces/www/yii/framework/base/CApplication.php(180): CWebApplication->processRequest()
#8 /home/ivan/Dropbox/losAlces/www/yii/alces/index.php(13): CApplication->run()
#9 {main}
REQUEST_URI=/yii/alces/site/page
---
2013/08/14 17:20:03 [error] [exception.CHttpException.404] exception 'CHttpException' with message 'The system is unable to find the requested action "pages".' in /home/ivan/Dropbox/losAlces/www/yii/framework/web/CController.php:483
Stack trace:
#0 /home/ivan/Dropbox/losAlces/www/yii/framework/web/CController.php(270): CController->missingAction('pages')
#1 /home/ivan/Dropbox/losAlces/www/yii/framework/web/CWebApplication.php(282): CController->run('pages')
#2 /home/ivan/Dropbox/losAlces/www/yii/framework/web/CWebApplication.php(141): CWebApplication->runController('site/pages')
#3 /home/ivan/Dropbox/losAlces/www/yii/framework/base/CApplication.php(180): CWebApplication->processRequest()
#4 /home/ivan/Dropbox/losAlces/www/yii/alces/index.php(13): CApplication->run()
#5 {main}
REQUEST_URI=/yii/alces/site/pages
---
2013/08/14 17:54:08 [error] [php] Undefined variable: model (/home/ivan/Dropbox/losAlces/www/yii/alces/protected/controllers/LoginController.php:31)
Stack trace:
#0 /home/ivan/Dropbox/losAlces/www/yii/framework/web/CController.php(286): LoginController->runAction()
#1 /home/ivan/Dropbox/losAlces/www/yii/framework/web/CController.php(265): LoginController->runActionWithFilters()
#2 /home/ivan/Dropbox/losAlces/www/yii/framework/web/CWebApplication.php(282): LoginController->run()
#3 /home/ivan/Dropbox/losAlces/www/yii/framework/web/CWebApplication.php(141): CWebApplication->runController()
#4 /home/ivan/Dropbox/losAlces/www/yii/framework/base/CApplication.php(180): CWebApplication->processRequest()
#5 /home/ivan/Dropbox/losAlces/www/yii/alces/index.php(13): CWebApplication->run()
REQUEST_URI=/yii/alces/
in /home/ivan/Dropbox/losAlces/www/yii/alces/protected/controllers/LoginController.php (31)
in /home/ivan/Dropbox/losAlces/www/yii/alces/index.php (13)
2013/08/14 17:54:23 [error] [php] Undefined variable: model (/home/ivan/Dropbox/losAlces/www/yii/alces/themes/bootstrap/views/login/index.php:13)
Stack trace:
#0 /home/ivan/Dropbox/losAlces/www/yii/framework/web/CController.php(869): LoginController->renderFile()
#1 /home/ivan/Dropbox/losAlces/www/yii/framework/web/CController.php(782): LoginController->renderPartial()
#2 /home/ivan/Dropbox/losAlces/www/yii/alces/protected/controllers/LoginController.php(31): LoginController->render()
#3 /home/ivan/Dropbox/losAlces/www/yii/framework/web/actions/CInlineAction.php(49): LoginController->actionIndex()
#4 /home/ivan/Dropbox/losAlces/www/yii/framework/web/CController.php(308): CInlineAction->runWithParams()
#5 /home/ivan/Dropbox/losAlces/www/yii/framework/web/CController.php(286): LoginController->runAction()
#6 /home/ivan/Dropbox/losAlces/www/yii/framework/web/CController.php(265): LoginController->runActionWithFilters()
#7 /home/ivan/Dropbox/losAlces/www/yii/framework/web/CWebApplication.php(282): LoginController->run()
#8 /home/ivan/Dropbox/losAlces/www/yii/framework/web/CWebApplication.php(141): CWebApplication->runController()
#9 /home/ivan/Dropbox/losAlces/www/yii/framework/base/CApplication.php(180): CWebApplication->processRequest()
#10 /home/ivan/Dropbox/losAlces/www/yii/alces/index.php(13): CWebApplication->run()
REQUEST_URI=/yii/alces/
in /home/ivan/Dropbox/losAlces/www/yii/alces/themes/bootstrap/views/login/index.php (13)
in /home/ivan/Dropbox/losAlces/www/yii/alces/protected/controllers/LoginController.php (31)
in /home/ivan/Dropbox/losAlces/www/yii/alces/index.php (13)
2013/08/14 17:54:37 [error] [php] Undefined variable: model (/home/ivan/Dropbox/losAlces/www/yii/alces/protected/views/login/index.php:13)
Stack trace:
#0 /home/ivan/Dropbox/losAlces/www/yii/framework/web/CController.php(869): LoginController->renderFile()
#1 /home/ivan/Dropbox/losAlces/www/yii/framework/web/CController.php(782): LoginController->renderPartial()
#2 /home/ivan/Dropbox/losAlces/www/yii/alces/protected/controllers/LoginController.php(31): LoginController->render()
#3 /home/ivan/Dropbox/losAlces/www/yii/framework/web/actions/CInlineAction.php(49): LoginController->actionIndex()
#4 /home/ivan/Dropbox/losAlces/www/yii/framework/web/CController.php(308): CInlineAction->runWithParams()
#5 /home/ivan/Dropbox/losAlces/www/yii/framework/web/CController.php(286): LoginController->runAction()
#6 /home/ivan/Dropbox/losAlces/www/yii/framework/web/CController.php(265): LoginController->runActionWithFilters()
#7 /home/ivan/Dropbox/losAlces/www/yii/framework/web/CWebApplication.php(282): LoginController->run()
#8 /home/ivan/Dropbox/losAlces/www/yii/framework/web/CWebApplication.php(141): CWebApplication->runController()
#9 /home/ivan/Dropbox/losAlces/www/yii/framework/base/CApplication.php(180): CWebApplication->processRequest()
#10 /home/ivan/Dropbox/losAlces/www/yii/alces/index.php(13): CWebApplication->run()
REQUEST_URI=/yii/alces/
in /home/ivan/Dropbox/losAlces/www/yii/alces/protected/views/login/index.php (13)
in /home/ivan/Dropbox/losAlces/www/yii/alces/protected/controllers/LoginController.php (31)
in /home/ivan/Dropbox/losAlces/www/yii/alces/index.php (13)
2013/08/14 17:54:38 [error] [php] Undefined variable: model (/home/ivan/Dropbox/losAlces/www/yii/alces/protected/views/login/index.php:13)
Stack trace:
#0 /home/ivan/Dropbox/losAlces/www/yii/framework/web/CController.php(869): LoginController->renderFile()
#1 /home/ivan/Dropbox/losAlces/www/yii/framework/web/CController.php(782): LoginController->renderPartial()
#2 /home/ivan/Dropbox/losAlces/www/yii/alces/protected/controllers/LoginController.php(31): LoginController->render()
#3 /home/ivan/Dropbox/losAlces/www/yii/framework/web/actions/CInlineAction.php(49): LoginController->actionIndex()
#4 /home/ivan/Dropbox/losAlces/www/yii/framework/web/CController.php(308): CInlineAction->runWithParams()
#5 /home/ivan/Dropbox/losAlces/www/yii/framework/web/CController.php(286): LoginController->runAction()
#6 /home/ivan/Dropbox/losAlces/www/yii/framework/web/CController.php(265): LoginController->runActionWithFilters()
#7 /home/ivan/Dropbox/losAlces/www/yii/framework/web/CWebApplication.php(282): LoginController->run()
#8 /home/ivan/Dropbox/losAlces/www/yii/framework/web/CWebApplication.php(141): CWebApplication->runController()
#9 /home/ivan/Dropbox/losAlces/www/yii/framework/base/CApplication.php(180): CWebApplication->processRequest()
#10 /home/ivan/Dropbox/losAlces/www/yii/alces/index.php(13): CWebApplication->run()
REQUEST_URI=/yii/alces/
in /home/ivan/Dropbox/losAlces/www/yii/alces/protected/views/login/index.php (13)
in /home/ivan/Dropbox/losAlces/www/yii/alces/protected/controllers/LoginController.php (31)
in /home/ivan/Dropbox/losAlces/www/yii/alces/index.php (13)
2013/08/14 18:22:34 [error] [exception.CException] exception 'CException' with message 'Property "LoginForm.textField" is not defined.' in /home/ivan/Dropbox/losAlces/www/yii/framework/base/CComponent.php:130
Stack trace:
#0 /home/ivan/Dropbox/losAlces/www/yii/framework/web/helpers/CHtml.php(2529): CComponent->__get('textField')
#1 /home/ivan/Dropbox/losAlces/www/yii/framework/web/helpers/CHtml.php(2252): CHtml::resolveValue(Object(LoginForm), 'textField')
#2 /home/ivan/Dropbox/losAlces/www/yii/framework/web/helpers/CHtml.php(1434): CHtml::activeInputField('text', Object(LoginForm), 'textField', Array)
#3 /home/ivan/Dropbox/losAlces/www/yii/framework/web/widgets/CActiveForm.php(725): CHtml::activeTextField(Object(LoginForm), 'textField', Array)
#4 /home/ivan/Dropbox/losAlces/www/yii/alces/protected/extensions/bootstrap/widgets/input/TbInputVertical.php(142): CActiveForm->textField(Object(LoginForm), 'textField', Array)
#5 /home/ivan/Dropbox/losAlces/www/yii/alces/protected/extensions/bootstrap/widgets/input/TbInput.php(230): TbInputVertical->textField()
#6 /home/ivan/Dropbox/losAlces/www/yii/framework/web/CBaseController.php(173): TbInput->run()
#7 /home/ivan/Dropbox/losAlces/www/yii/alces/protected/extensions/bootstrap/widgets/TbActiveForm.php(497): CBaseController->widget('bootstrap.widge...', Array)
#8 /home/ivan/Dropbox/losAlces/www/yii/alces/protected/extensions/bootstrap/widgets/TbActiveForm.php(186): TbActiveForm->inputRow('text', Object(LoginForm), 'textField', NULL, Array)
#9 /home/ivan/Dropbox/losAlces/www/yii/alces/protected/views/login/index.php(13): TbActiveForm->textFieldRow(Object(LoginForm), 'textField', Array)
#10 /home/ivan/Dropbox/losAlces/www/yii/framework/web/CBaseController.php(126): require('/home/ivan/Drop...')
#11 /home/ivan/Dropbox/losAlces/www/yii/framework/web/CBaseController.php(95): CBaseController->renderInternal('/home/ivan/Drop...', Array, true)
#12 /home/ivan/Dropbox/losAlces/www/yii/framework/web/CController.php(869): CBaseController->renderFile('/home/ivan/Drop...', Array, true)
#13 /home/ivan/Dropbox/losAlces/www/yii/framework/web/CController.php(782): CController->renderPartial('index', Array, true)
#14 /home/ivan/Dropbox/losAlces/www/yii/alces/protected/controllers/LoginController.php(31): CController->render('index', Array)
#15 /home/ivan/Dropbox/losAlces/www/yii/framework/web/actions/CInlineAction.php(49): LoginController->actionIndex()
#16 /home/ivan/Dropbox/losAlces/www/yii/framework/web/CController.php(308): CInlineAction->runWithParams(Array)
#17 /home/ivan/Dropbox/losAlces/www/yii/framework/web/CController.php(286): CController->runAction(Object(CInlineAction))
#18 /home/ivan/Dropbox/losAlces/www/yii/framework/web/CController.php(265): CController->runActionWithFilters(Object(CInlineAction), Array)
#19 /home/ivan/Dropbox/losAlces/www/yii/framework/web/CWebApplication.php(282): CController->run('')
#20 /home/ivan/Dropbox/losAlces/www/yii/framework/web/CWebApplication.php(141): CWebApplication->runController('')
#21 /home/ivan/Dropbox/losAlces/www/yii/framework/base/CApplication.php(180): CWebApplication->processRequest()
#22 /home/ivan/Dropbox/losAlces/www/yii/alces/index.php(13): CApplication->run()
#23 {main}
REQUEST_URI=/yii/alces/
---
2013/08/14 18:30:34 [error] [exception.CException] exception 'CException' with message 'Alias "gii.GiiModule" is invalid. Make sure it points to an existing PHP file and the file is readable.' in /home/ivan/Dropbox/losAlces/www/yii/framework/YiiBase.php:322
Stack trace:
#0 /home/ivan/Dropbox/losAlces/www/yii/framework/YiiBase.php(196): YiiBase::import('gii.GiiModule', true)
#1 /home/ivan/Dropbox/losAlces/www/yii/framework/base/CModule.php(282): YiiBase::createComponent('gii.GiiModule', 'gii', NULL, Array)
#2 /home/ivan/Dropbox/losAlces/www/yii/framework/web/CWebApplication.php(337): CModule->getModule('gii')
#3 /home/ivan/Dropbox/losAlces/www/yii/framework/web/CWebApplication.php(276): CWebApplication->createController('gii')
#4 /home/ivan/Dropbox/losAlces/www/yii/framework/web/CWebApplication.php(141): CWebApplication->runController('gii')
#5 /home/ivan/Dropbox/losAlces/www/yii/framework/base/CApplication.php(180): CWebApplication->processRequest()
#6 /home/ivan/Dropbox/losAlces/www/yii/alces/index.php(13): CApplication->run()
#7 {main}
REQUEST_URI=/yii/alces/gii
---
2013/08/14 18:39:01 [error] [exception.CException] exception 'CException' with message 'Property "LoginForm.usuario" is not defined.' in /home/ivan/Dropbox/losAlces/www/yii/framework/base/CComponent.php:130
Stack trace:
#0 /home/ivan/Dropbox/losAlces/www/yii/framework/web/helpers/CHtml.php(2529): CComponent->__get('usuario')
#1 /home/ivan/Dropbox/losAlces/www/yii/framework/web/helpers/CHtml.php(2252): CHtml::resolveValue(Object(LoginForm), 'usuario')
#2 /home/ivan/Dropbox/losAlces/www/yii/framework/web/helpers/CHtml.php(1434): CHtml::activeInputField('text', Object(LoginForm), 'usuario', Array)
#3 /home/ivan/Dropbox/losAlces/www/yii/framework/web/widgets/CActiveForm.php(725): CHtml::activeTextField(Object(LoginForm), 'usuario', Array)
#4 /home/ivan/Dropbox/losAlces/www/yii/alces/protected/extensions/bootstrap/widgets/input/TbInputVertical.php(142): CActiveForm->textField(Object(LoginForm), 'usuario', Array)
#5 /home/ivan/Dropbox/losAlces/www/yii/alces/protected/extensions/bootstrap/widgets/input/TbInput.php(230): TbInputVertical->textField()
#6 /home/ivan/Dropbox/losAlces/www/yii/framework/web/CBaseController.php(173): TbInput->run()
#7 /home/ivan/Dropbox/losAlces/www/yii/alces/protected/extensions/bootstrap/widgets/TbActiveForm.php(497): CBaseController->widget('bootstrap.widge...', Array)
#8 /home/ivan/Dropbox/losAlces/www/yii/alces/protected/extensions/bootstrap/widgets/TbActiveForm.php(186): TbActiveForm->inputRow('text', Object(LoginForm), 'usuario', NULL, Array)
#9 /home/ivan/Dropbox/losAlces/www/yii/alces/protected/views/login/index.php(13): TbActiveForm->textFieldRow(Object(LoginForm), 'usuario', Array)
#10 /home/ivan/Dropbox/losAlces/www/yii/framework/web/CBaseController.php(126): require('/home/ivan/Drop...')
#11 /home/ivan/Dropbox/losAlces/www/yii/framework/web/CBaseController.php(95): CBaseController->renderInternal('/home/ivan/Drop...', Array, true)
#12 /home/ivan/Dropbox/losAlces/www/yii/framework/web/CController.php(869): CBaseController->renderFile('/home/ivan/Drop...', Array, true)
#13 /home/ivan/Dropbox/losAlces/www/yii/framework/web/CController.php(782): CController->renderPartial('index', Array, true)
#14 /home/ivan/Dropbox/losAlces/www/yii/alces/protected/controllers/LoginController.php(31): CController->render('index', Array)
#15 /home/ivan/Dropbox/losAlces/www/yii/framework/web/actions/CInlineAction.php(49): LoginController->actionIndex()
#16 /home/ivan/Dropbox/losAlces/www/yii/framework/web/CController.php(308): CInlineAction->runWithParams(Array)
#17 /home/ivan/Dropbox/losAlces/www/yii/framework/web/CController.php(286): CController->runAction(Object(CInlineAction))
#18 /home/ivan/Dropbox/losAlces/www/yii/framework/web/CController.php(265): CController->runActionWithFilters(Object(CInlineAction), Array)
#19 /home/ivan/Dropbox/losAlces/www/yii/framework/web/CWebApplication.php(282): CController->run('')
#20 /home/ivan/Dropbox/losAlces/www/yii/framework/web/CWebApplication.php(141): CWebApplication->runController('')
#21 /home/ivan/Dropbox/losAlces/www/yii/framework/base/CApplication.php(180): CWebApplication->processRequest()
#22 /home/ivan/Dropbox/losAlces/www/yii/alces/index.php(13): CApplication->run()
#23 {main}
REQUEST_URI=/yii/alces/
---
2013/08/14 18:39:41 [error] [exception.CException] exception 'CException' with message 'Property "LoginForm.usuario" is not defined.' in /home/ivan/Dropbox/losAlces/www/yii/framework/base/CComponent.php:130
Stack trace:
#0 /home/ivan/Dropbox/losAlces/www/yii/framework/web/helpers/CHtml.php(2529): CComponent->__get('usuario')
#1 /home/ivan/Dropbox/losAlces/www/yii/framework/web/helpers/CHtml.php(2252): CHtml::resolveValue(Object(LoginForm), 'usuario')
#2 /home/ivan/Dropbox/losAlces/www/yii/framework/web/helpers/CHtml.php(1434): CHtml::activeInputField('text', Object(LoginForm), 'usuario', Array)
#3 /home/ivan/Dropbox/losAlces/www/yii/framework/web/widgets/CActiveForm.php(725): CHtml::activeTextField(Object(LoginForm), 'usuario', Array)
#4 /home/ivan/Dropbox/losAlces/www/yii/alces/protected/extensions/bootstrap/widgets/input/TbInputVertical.php(142): CActiveForm->textField(Object(LoginForm), 'usuario', Array)
#5 /home/ivan/Dropbox/losAlces/www/yii/alces/protected/extensions/bootstrap/widgets/input/TbInput.php(230): TbInputVertical->textField()
#6 /home/ivan/Dropbox/losAlces/www/yii/framework/web/CBaseController.php(173): TbInput->run()
#7 /home/ivan/Dropbox/losAlces/www/yii/alces/protected/extensions/bootstrap/widgets/TbActiveForm.php(497): CBaseController->widget('bootstrap.widge...', Array)
#8 /home/ivan/Dropbox/losAlces/www/yii/alces/protected/extensions/bootstrap/widgets/TbActiveForm.php(186): TbActiveForm->inputRow('text', Object(LoginForm), 'usuario', NULL, Array)
#9 /home/ivan/Dropbox/losAlces/www/yii/alces/protected/views/login/index.php(13): TbActiveForm->textFieldRow(Object(LoginForm), 'usuario', Array)
#10 /home/ivan/Dropbox/losAlces/www/yii/framework/web/CBaseController.php(126): require('/home/ivan/Drop...')
#11 /home/ivan/Dropbox/losAlces/www/yii/framework/web/CBaseController.php(95): CBaseController->renderInternal('/home/ivan/Drop...', Array, true)
#12 /home/ivan/Dropbox/losAlces/www/yii/framework/web/CController.php(869): CBaseController->renderFile('/home/ivan/Drop...', Array, true)
#13 /home/ivan/Dropbox/losAlces/www/yii/framework/web/CController.php(782): CController->renderPartial('index', Array, true)
#14 /home/ivan/Dropbox/losAlces/www/yii/alces/protected/controllers/LoginController.php(31): CController->render('index', Array)
#15 /home/ivan/Dropbox/losAlces/www/yii/framework/web/actions/CInlineAction.php(49): LoginController->actionIndex()
#16 /home/ivan/Dropbox/losAlces/www/yii/framework/web/CController.php(308): CInlineAction->runWithParams(Array)
#17 /home/ivan/Dropbox/losAlces/www/yii/framework/web/CController.php(286): CController->runAction(Object(CInlineAction))
#18 /home/ivan/Dropbox/losAlces/www/yii/framework/web/CController.php(265): CController->runActionWithFilters(Object(CInlineAction), Array)
#19 /home/ivan/Dropbox/losAlces/www/yii/framework/web/CWebApplication.php(282): CController->run('')
#20 /home/ivan/Dropbox/losAlces/www/yii/framework/web/CWebApplication.php(141): CWebApplication->runController('')
#21 /home/ivan/Dropbox/losAlces/www/yii/framework/base/CApplication.php(180): CWebApplication->processRequest()
#22 /home/ivan/Dropbox/losAlces/www/yii/alces/index.php(13): CApplication->run()
#23 {main}
REQUEST_URI=/yii/alces/
---
2013/08/14 18:45:44 [error] [exception.CException] exception 'CException' with message 'Property "LoginForm.username" is not defined.' in /home/ivan/Dropbox/losAlces/www/yii/framework/base/CComponent.php:130
Stack trace:
#0 /home/ivan/Dropbox/losAlces/www/yii/framework/web/helpers/CHtml.php(2529): CComponent->__get('username')
#1 /home/ivan/Dropbox/losAlces/www/yii/framework/web/helpers/CHtml.php(2252): CHtml::resolveValue(Object(LoginForm), 'username')
#2 /home/ivan/Dropbox/losAlces/www/yii/framework/web/helpers/CHtml.php(1434): CHtml::activeInputField('text', Object(LoginForm), 'username', Array)
#3 /home/ivan/Dropbox/losAlces/www/yii/framework/web/widgets/CActiveForm.php(725): CHtml::activeTextField(Object(LoginForm), 'username', Array)
#4 /home/ivan/Dropbox/losAlces/www/yii/alces/protected/extensions/bootstrap/widgets/input/TbInputHorizontal.php(181): CActiveForm->textField(Object(LoginForm), 'username', Array)
#5 /home/ivan/Dropbox/losAlces/www/yii/alces/protected/extensions/bootstrap/widgets/input/TbInput.php(230): TbInputHorizontal->textField()
#6 /home/ivan/Dropbox/losAlces/www/yii/alces/protected/extensions/bootstrap/widgets/input/TbInputHorizontal.php(24): TbInput->run()
#7 /home/ivan/Dropbox/losAlces/www/yii/framework/web/CBaseController.php(173): TbInputHorizontal->run()
#8 /home/ivan/Dropbox/losAlces/www/yii/alces/protected/extensions/bootstrap/widgets/TbActiveForm.php(497): CBaseController->widget('bootstrap.widge...', Array)
#9 /home/ivan/Dropbox/losAlces/www/yii/alces/protected/extensions/bootstrap/widgets/TbActiveForm.php(186): TbActiveForm->inputRow('text', Object(LoginForm), 'username', NULL, Array)
#10 /home/ivan/Dropbox/losAlces/www/yii/alces/themes/bootstrap/views/site/login.php(29): TbActiveForm->textFieldRow(Object(LoginForm), 'username')
#11 /home/ivan/Dropbox/losAlces/www/yii/framework/web/CBaseController.php(126): require('/home/ivan/Drop...')
#12 /home/ivan/Dropbox/losAlces/www/yii/framework/web/CBaseController.php(95): CBaseController->renderInternal('/home/ivan/Drop...', Array, true)
#13 /home/ivan/Dropbox/losAlces/www/yii/framework/web/CController.php(869): CBaseController->renderFile('/home/ivan/Drop...', Array, true)
#14 /home/ivan/Dropbox/losAlces/www/yii/framework/web/CController.php(782): CController->renderPartial('login', Array, true)
#15 /home/ivan/Dropbox/losAlces/www/yii/alces/protected/controllers/SiteController.php(99): CController->render('login', Array)
#16 /home/ivan/Dropbox/losAlces/www/yii/framework/web/actions/CInlineAction.php(49): SiteController->actionLogin()
#17 /home/ivan/Dropbox/losAlces/www/yii/framework/web/CController.php(308): CInlineAction->runWithParams(Array)
#18 /home/ivan/Dropbox/losAlces/www/yii/framework/web/CController.php(286): CController->runAction(Object(CInlineAction))
#19 /home/ivan/Dropbox/losAlces/www/yii/framework/web/CController.php(265): CController->runActionWithFilters(Object(CInlineAction), Array)
#20 /home/ivan/Dropbox/losAlces/www/yii/framework/web/CWebApplication.php(282): CController->run('login')
#21 /home/ivan/Dropbox/losAlces/www/yii/framework/web/CWebApplication.php(141): CWebApplication->runController('site/login')
#22 /home/ivan/Dropbox/losAlces/www/yii/framework/base/CApplication.php(180): CWebApplication->processRequest()
#23 /home/ivan/Dropbox/losAlces/www/yii/alces/index.php(13): CApplication->run()
#24 {main}
REQUEST_URI=/yii/alces/site/login
HTTP_REFERER=http://localhost/yii/alces/login
---
2013/08/14 18:59:45 [error] [exception.CException] exception 'CException' with message 'Property "LoginForm.username" is not defined.' in /home/ivan/Dropbox/losAlces/www/yii/framework/base/CComponent.php:130
Stack trace:
#0 /home/ivan/Dropbox/losAlces/www/yii/framework/web/helpers/CHtml.php(2529): CComponent->__get('username')
#1 /home/ivan/Dropbox/losAlces/www/yii/framework/web/helpers/CHtml.php(2252): CHtml::resolveValue(Object(LoginForm), 'username')
#2 /home/ivan/Dropbox/losAlces/www/yii/framework/web/helpers/CHtml.php(1434): CHtml::activeInputField('text', Object(LoginForm), 'username', Array)
#3 /home/ivan/Dropbox/losAlces/www/yii/framework/web/widgets/CActiveForm.php(725): CHtml::activeTextField(Object(LoginForm), 'username', Array)
#4 /home/ivan/Dropbox/losAlces/www/yii/alces/protected/extensions/bootstrap/widgets/input/TbInputHorizontal.php(181): CActiveForm->textField(Object(LoginForm), 'username', Array)
#5 /home/ivan/Dropbox/losAlces/www/yii/alces/protected/extensions/bootstrap/widgets/input/TbInput.php(230): TbInputHorizontal->textField()
#6 /home/ivan/Dropbox/losAlces/www/yii/alces/protected/extensions/bootstrap/widgets/input/TbInputHorizontal.php(24): TbInput->run()
#7 /home/ivan/Dropbox/losAlces/www/yii/framework/web/CBaseController.php(173): TbInputHorizontal->run()
#8 /home/ivan/Dropbox/losAlces/www/yii/alces/protected/extensions/bootstrap/widgets/TbActiveForm.php(497): CBaseController->widget('bootstrap.widge...', Array)
#9 /home/ivan/Dropbox/losAlces/www/yii/alces/protected/extensions/bootstrap/widgets/TbActiveForm.php(186): TbActiveForm->inputRow('text', Object(LoginForm), 'username', NULL, Array)
#10 /home/ivan/Dropbox/losAlces/www/yii/alces/themes/bootstrap/views/site/login.php(29): TbActiveForm->textFieldRow(Object(LoginForm), 'username')
#11 /home/ivan/Dropbox/losAlces/www/yii/framework/web/CBaseController.php(126): require('/home/ivan/Drop...')
#12 /home/ivan/Dropbox/losAlces/www/yii/framework/web/CBaseController.php(95): CBaseController->renderInternal('/home/ivan/Drop...', Array, true)
#13 /home/ivan/Dropbox/losAlces/www/yii/framework/web/CController.php(869): CBaseController->renderFile('/home/ivan/Drop...', Array, true)
#14 /home/ivan/Dropbox/losAlces/www/yii/framework/web/CController.php(782): CController->renderPartial('login', Array, true)
#15 /home/ivan/Dropbox/losAlces/www/yii/alces/protected/controllers/SiteController.php(99): CController->render('login', Array)
#16 /home/ivan/Dropbox/losAlces/www/yii/framework/web/actions/CInlineAction.php(49): SiteController->actionLogin()
#17 /home/ivan/Dropbox/losAlces/www/yii/framework/web/CController.php(308): CInlineAction->runWithParams(Array)
#18 /home/ivan/Dropbox/losAlces/www/yii/framework/web/CController.php(286): CController->runAction(Object(CInlineAction))
#19 /home/ivan/Dropbox/losAlces/www/yii/framework/web/CController.php(265): CController->runActionWithFilters(Object(CInlineAction), Array)
#20 /home/ivan/Dropbox/losAlces/www/yii/framework/web/CWebApplication.php(282): CController->run('login')
#21 /home/ivan/Dropbox/losAlces/www/yii/framework/web/CWebApplication.php(141): CWebApplication->runController('site/login')
#22 /home/ivan/Dropbox/losAlces/www/yii/framework/base/CApplication.php(180): CWebApplication->processRequest()
#23 /home/ivan/Dropbox/losAlces/www/yii/alces/index.php(13): CApplication->run()
#24 {main}
REQUEST_URI=/yii/alces/site/login
HTTP_REFERER=http://localhost/yii/alces/login
---
2013/08/14 19:00:15 [error] [exception.CException] exception 'CException' with message 'Property "LoginForm.rememberMe" is not defined.' in /home/ivan/Dropbox/losAlces/www/yii/framework/base/CComponent.php:130
Stack trace:
#0 /home/ivan/Dropbox/losAlces/www/yii/framework/web/helpers/CHtml.php(2529): CComponent->__get('rememberMe')
#1 /home/ivan/Dropbox/losAlces/www/yii/framework/web/helpers/CHtml.php(1743): CHtml::resolveValue(Object(LoginForm), 'rememberMe')
#2 /home/ivan/Dropbox/losAlces/www/yii/framework/web/widgets/CActiveForm.php(831): CHtml::activeCheckBox(Object(LoginForm), 'rememberMe', Array)
#3 /home/ivan/Dropbox/losAlces/www/yii/alces/protected/extensions/bootstrap/widgets/input/TbInputHorizontal.php(51): CActiveForm->checkBox(Object(LoginForm), 'rememberMe', Array)
#4 /home/ivan/Dropbox/losAlces/www/yii/alces/protected/extensions/bootstrap/widgets/input/TbInput.php(189): TbInputHorizontal->checkBox()
#5 /home/ivan/Dropbox/losAlces/www/yii/alces/protected/extensions/bootstrap/widgets/input/TbInputHorizontal.php(24): TbInput->run()
#6 /home/ivan/Dropbox/losAlces/www/yii/framework/web/CBaseController.php(173): TbInputHorizontal->run()
#7 /home/ivan/Dropbox/losAlces/www/yii/alces/protected/extensions/bootstrap/widgets/TbActiveForm.php(497): CBaseController->widget('bootstrap.widge...', Array)
#8 /home/ivan/Dropbox/losAlces/www/yii/alces/protected/extensions/bootstrap/widgets/TbActiveForm.php(73): TbActiveForm->inputRow('checkbox', Object(LoginForm), 'rememberMe', NULL, Array)
#9 /home/ivan/Dropbox/losAlces/www/yii/alces/themes/bootstrap/views/site/login.php(35): TbActiveForm->checkBoxRow(Object(LoginForm), 'rememberMe')
#10 /home/ivan/Dropbox/losAlces/www/yii/framework/web/CBaseController.php(126): require('/home/ivan/Drop...')
#11 /home/ivan/Dropbox/losAlces/www/yii/framework/web/CBaseController.php(95): CBaseController->renderInternal('/home/ivan/Drop...', Array, true)
#12 /home/ivan/Dropbox/losAlces/www/yii/framework/web/CController.php(869): CBaseController->renderFile('/home/ivan/Drop...', Array, true)
#13 /home/ivan/Dropbox/losAlces/www/yii/framework/web/CController.php(782): CController->renderPartial('login', Array, true)
#14 /home/ivan/Dropbox/losAlces/www/yii/alces/protected/controllers/SiteController.php(99): CController->render('login', Array)
#15 /home/ivan/Dropbox/losAlces/www/yii/framework/web/actions/CInlineAction.php(49): SiteController->actionLogin()
#16 /home/ivan/Dropbox/losAlces/www/yii/framework/web/CController.php(308): CInlineAction->runWithParams(Array)
#17 /home/ivan/Dropbox/losAlces/www/yii/framework/web/CController.php(286): CController->runAction(Object(CInlineAction))
#18 /home/ivan/Dropbox/losAlces/www/yii/framework/web/CController.php(265): CController->runActionWithFilters(Object(CInlineAction), Array)
#19 /home/ivan/Dropbox/losAlces/www/yii/framework/web/CWebApplication.php(282): CController->run('login')
#20 /home/ivan/Dropbox/losAlces/www/yii/framework/web/CWebApplication.php(141): CWebApplication->runController('site/login')
#21 /home/ivan/Dropbox/losAlces/www/yii/framework/base/CApplication.php(180): CWebApplication->processRequest()
#22 /home/ivan/Dropbox/losAlces/www/yii/alces/index.php(13): CApplication->run()
#23 {main}
REQUEST_URI=/yii/alces/site/login
HTTP_REFERER=http://localhost/yii/alces/login
---
2013/08/14 19:00:26 [error] [exception.CException] exception 'CException' with message 'Property "LoginForm.username" is not defined.' in /home/ivan/Dropbox/losAlces/www/yii/framework/base/CComponent.php:130
Stack trace:
#0 /home/ivan/Dropbox/losAlces/www/yii/alces/protected/models/LoginForm.php(48): CComponent->__get('username')
#1 /home/ivan/Dropbox/losAlces/www/yii/framework/validators/CInlineValidator.php(42): LoginForm->authenticate('pass', Array)
#2 /home/ivan/Dropbox/losAlces/www/yii/framework/validators/CValidator.php(213): CInlineValidator->validateAttribute(Object(LoginForm), 'pass')
#3 /home/ivan/Dropbox/losAlces/www/yii/framework/base/CModel.php(159): CValidator->validate(Object(LoginForm), NULL)
#4 /home/ivan/Dropbox/losAlces/www/yii/alces/protected/controllers/SiteController.php(95): CModel->validate()
#5 /home/ivan/Dropbox/losAlces/www/yii/framework/web/actions/CInlineAction.php(49): SiteController->actionLogin()
#6 /home/ivan/Dropbox/losAlces/www/yii/framework/web/CController.php(308): CInlineAction->runWithParams(Array)
#7 /home/ivan/Dropbox/losAlces/www/yii/framework/web/CController.php(286): CController->runAction(Object(CInlineAction))
#8 /home/ivan/Dropbox/losAlces/www/yii/framework/web/CController.php(265): CController->runActionWithFilters(Object(CInlineAction), Array)
#9 /home/ivan/Dropbox/losAlces/www/yii/framework/web/CWebApplication.php(282): CController->run('login')
#10 /home/ivan/Dropbox/losAlces/www/yii/framework/web/CWebApplication.php(141): CWebApplication->runController('site/login')
#11 /home/ivan/Dropbox/losAlces/www/yii/framework/base/CApplication.php(180): CWebApplication->processRequest()
#12 /home/ivan/Dropbox/losAlces/www/yii/alces/index.php(13): CApplication->run()
#13 {main}
REQUEST_URI=/yii/alces/site/login
HTTP_REFERER=http://localhost/yii/alces/site/login
---
2013/08/14 19:01:07 [error] [exception.CException] exception 'CException' with message 'Property "UserIdentity.usuario" is not defined.' in /home/ivan/Dropbox/losAlces/www/yii/framework/base/CComponent.php:130
Stack trace:
#0 /home/ivan/Dropbox/losAlces/www/yii/alces/protected/components/UserIdentity.php(34): CComponent->__get('usuario')
#1 /home/ivan/Dropbox/losAlces/www/yii/alces/protected/models/LoginForm.php(49): UserIdentity->authenticate()
#2 /home/ivan/Dropbox/losAlces/www/yii/framework/validators/CInlineValidator.php(42): LoginForm->authenticate('pass', Array)
#3 /home/ivan/Dropbox/losAlces/www/yii/framework/validators/CValidator.php(213): CInlineValidator->validateAttribute(Object(LoginForm), 'pass')
#4 /home/ivan/Dropbox/losAlces/www/yii/framework/base/CModel.php(159): CValidator->validate(Object(LoginForm), NULL)
#5 /home/ivan/Dropbox/losAlces/www/yii/alces/protected/controllers/SiteController.php(95): CModel->validate()
#6 /home/ivan/Dropbox/losAlces/www/yii/framework/web/actions/CInlineAction.php(49): SiteController->actionLogin()
#7 /home/ivan/Dropbox/losAlces/www/yii/framework/web/CController.php(308): CInlineAction->runWithParams(Array)
#8 /home/ivan/Dropbox/losAlces/www/yii/framework/web/CController.php(286): CController->runAction(Object(CInlineAction))
#9 /home/ivan/Dropbox/losAlces/www/yii/framework/web/CController.php(265): CController->runActionWithFilters(Object(CInlineAction), Array)
#10 /home/ivan/Dropbox/losAlces/www/yii/framework/web/CWebApplication.php(282): CController->run('login')
#11 /home/ivan/Dropbox/losAlces/www/yii/framework/web/CWebApplication.php(141): CWebApplication->runController('site/login')
#12 /home/ivan/Dropbox/losAlces/www/yii/framework/base/CApplication.php(180): CWebApplication->processRequest()
#13 /home/ivan/Dropbox/losAlces/www/yii/alces/index.php(13): CApplication->run()
#14 {main}
REQUEST_URI=/yii/alces/site/login
HTTP_REFERER=http://localhost/yii/alces/site/login
---
2013/08/14 19:02:34 [error] [exception.CException] exception 'CException' with message 'Property "LoginForm.rememberMe" is not defined.' in /home/ivan/Dropbox/losAlces/www/yii/framework/base/CComponent.php:130
Stack trace:
#0 /home/ivan/Dropbox/losAlces/www/yii/alces/protected/models/LoginForm.php(67): CComponent->__get('rememberMe')
#1 /home/ivan/Dropbox/losAlces/www/yii/alces/protected/controllers/SiteController.php(95): LoginForm->login()
#2 /home/ivan/Dropbox/losAlces/www/yii/framework/web/actions/CInlineAction.php(49): SiteController->actionLogin()
#3 /home/ivan/Dropbox/losAlces/www/yii/framework/web/CController.php(308): CInlineAction->runWithParams(Array)
#4 /home/ivan/Dropbox/losAlces/www/yii/framework/web/CController.php(286): CController->runAction(Object(CInlineAction))
#5 /home/ivan/Dropbox/losAlces/www/yii/framework/web/CController.php(265): CController->runActionWithFilters(Object(CInlineAction), Array)
#6 /home/ivan/Dropbox/losAlces/www/yii/framework/web/CWebApplication.php(282): CController->run('login')
#7 /home/ivan/Dropbox/losAlces/www/yii/framework/web/CWebApplication.php(141): CWebApplication->runController('site/login')
#8 /home/ivan/Dropbox/losAlces/www/yii/framework/base/CApplication.php(180): CWebApplication->processRequest()
#9 /home/ivan/Dropbox/losAlces/www/yii/alces/index.php(13): CApplication->run()
#10 {main}
REQUEST_URI=/yii/alces/site/login
HTTP_REFERER=http://localhost/yii/alces/site/login
---
2013/08/16 09:27:56 [error] [php] Undefined variable: model (/home/ivan/Dropbox/losAlces/www/yii/alces/protected/controllers/SiteController.php:33)
Stack trace:
#0 /home/ivan/Dropbox/losAlces/www/yii/framework/web/CController.php(286): SiteController->runAction()
#1 /home/ivan/Dropbox/losAlces/www/yii/framework/web/CController.php(265): SiteController->runActionWithFilters()
#2 /home/ivan/Dropbox/losAlces/www/yii/framework/web/CWebApplication.php(282): SiteController->run()
#3 /home/ivan/Dropbox/losAlces/www/yii/framework/web/CWebApplication.php(141): CWebApplication->runController()
#4 /home/ivan/Dropbox/losAlces/www/yii/framework/base/CApplication.php(180): CWebApplication->processRequest()
#5 /home/ivan/Dropbox/losAlces/www/yii/alces/index.php(13): CWebApplication->run()
REQUEST_URI=/yii/alces/site/index
in /home/ivan/Dropbox/losAlces/www/yii/alces/protected/controllers/SiteController.php (33)
in /home/ivan/Dropbox/losAlces/www/yii/alces/index.php (13)
2013/08/16 10:32:14 [error] [php] Undefined variable: model (/home/ivan/Dropbox/losAlces/www/yii/alces/protected/controllers/SiteController.php:33)
Stack trace:
#0 /home/ivan/Dropbox/losAlces/www/yii/framework/web/CController.php(286): SiteController->runAction()
#1 /home/ivan/Dropbox/losAlces/www/yii/framework/web/CController.php(265): SiteController->runActionWithFilters()
#2 /home/ivan/Dropbox/losAlces/www/yii/framework/web/CWebApplication.php(282): SiteController->run()
#3 /home/ivan/Dropbox/losAlces/www/yii/framework/web/CWebApplication.php(141): CWebApplication->runController()
#4 /home/ivan/Dropbox/losAlces/www/yii/framework/base/CApplication.php(180): CWebApplication->processRequest()
#5 /home/ivan/Dropbox/losAlces/www/yii/alces/index.php(13): CWebApplication->run()
REQUEST_URI=/yii/alces/site/index
in /home/ivan/Dropbox/losAlces/www/yii/alces/protected/controllers/SiteController.php (33)
in /home/ivan/Dropbox/losAlces/www/yii/alces/index.php (13)
2013/08/16 11:39:07 [error] [php] Undefined variable: model (/home/ivan/Dropbox/losAlces/www/yii/alces/protected/views/login/index.php:18)
Stack trace:
#0 /home/ivan/Dropbox/losAlces/www/yii/framework/web/CController.php(869): LoginController->renderFile()
#1 /home/ivan/Dropbox/losAlces/www/yii/alces/protected/controllers/LoginController.php(31): LoginController->renderPartial()
#2 /home/ivan/Dropbox/losAlces/www/yii/framework/web/actions/CInlineAction.php(49): LoginController->actionIndex()
#3 /home/ivan/Dropbox/losAlces/www/yii/framework/web/CController.php(308): CInlineAction->runWithParams()
#4 /home/ivan/Dropbox/losAlces/www/yii/framework/web/CController.php(286): LoginController->runAction()
#5 /home/ivan/Dropbox/losAlces/www/yii/framework/web/CController.php(265): LoginController->runActionWithFilters()
#6 /home/ivan/Dropbox/losAlces/www/yii/framework/web/CWebApplication.php(282): LoginController->run()
#7 /home/ivan/Dropbox/losAlces/www/yii/framework/web/CWebApplication.php(141): CWebApplication->runController()
#8 /home/ivan/Dropbox/losAlces/www/yii/framework/base/CApplication.php(180): CWebApplication->processRequest()
#9 /home/ivan/Dropbox/losAlces/www/yii/alces/index.php(13): CWebApplication->run()
REQUEST_URI=/yii/alces/
in /home/ivan/Dropbox/losAlces/www/yii/alces/protected/views/login/index.php (18)
in /home/ivan/Dropbox/losAlces/www/yii/alces/protected/controllers/LoginController.php (31)
in /home/ivan/Dropbox/losAlces/www/yii/alces/index.php (13)
2013/08/16 12:14:48 [error] [php] Undefined variable: content (/home/ivan/Dropbox/losAlces/www/yii/alces/protected/views/login/index.php:46)
Stack trace:
#0 /home/ivan/Dropbox/losAlces/www/yii/framework/web/CController.php(869): LoginController->renderFile()
#1 /home/ivan/Dropbox/losAlces/www/yii/alces/protected/controllers/LoginController.php(31): LoginController->renderPartial()
#2 /home/ivan/Dropbox/losAlces/www/yii/framework/web/actions/CInlineAction.php(49): LoginController->actionIndex()
#3 /home/ivan/Dropbox/losAlces/www/yii/framework/web/CController.php(308): CInlineAction->runWithParams()
#4 /home/ivan/Dropbox/losAlces/www/yii/framework/web/CController.php(286): LoginController->runAction()
#5 /home/ivan/Dropbox/losAlces/www/yii/framework/web/CController.php(265): LoginController->runActionWithFilters()
#6 /home/ivan/Dropbox/losAlces/www/yii/framework/web/CWebApplication.php(282): LoginController->run()
#7 /home/ivan/Dropbox/losAlces/www/yii/framework/web/CWebApplication.php(141): CWebApplication->runController()
#8 /home/ivan/Dropbox/losAlces/www/yii/framework/base/CApplication.php(180): CWebApplication->processRequest()
#9 /home/ivan/Dropbox/losAlces/www/yii/alces/index.php(13): CWebApplication->run()
REQUEST_URI=/yii/alces/
in /home/ivan/Dropbox/losAlces/www/yii/alces/protected/views/login/index.php (46)
in /home/ivan/Dropbox/losAlces/www/yii/alces/protected/controllers/LoginController.php (31)
in /home/ivan/Dropbox/losAlces/www/yii/alces/index.php (13)
2013/08/16 12:20:58 [error] [exception.CException] exception 'CException' with message 'LoginController cannot find the requested view "login".' in /home/ivan/Dropbox/losAlces/www/yii/framework/web/CController.php:878
Stack trace:
#0 /home/ivan/Dropbox/losAlces/www/yii/framework/web/CController.php(782): CController->renderPartial('login', Array, true)
#1 /home/ivan/Dropbox/losAlces/www/yii/alces/protected/controllers/LoginController.php(95): CController->render('login', Array)
#2 /home/ivan/Dropbox/losAlces/www/yii/alces/protected/controllers/LoginController.php(28): LoginController->actionLogin()
#3 /home/ivan/Dropbox/losAlces/www/yii/framework/web/actions/CInlineAction.php(49): LoginController->actionIndex()
#4 /home/ivan/Dropbox/losAlces/www/yii/framework/web/CController.php(308): CInlineAction->runWithParams(Array)
#5 /home/ivan/Dropbox/losAlces/www/yii/framework/web/CController.php(286): CController->runAction(Object(CInlineAction))
#6 /home/ivan/Dropbox/losAlces/www/yii/framework/web/CController.php(265): CController->runActionWithFilters(Object(CInlineAction), Array)
#7 /home/ivan/Dropbox/losAlces/www/yii/framework/web/CWebApplication.php(282): CController->run('')
#8 /home/ivan/Dropbox/losAlces/www/yii/framework/web/CWebApplication.php(141): CWebApplication->runController('')
#9 /home/ivan/Dropbox/losAlces/www/yii/framework/base/CApplication.php(180): CWebApplication->processRequest()
#10 /home/ivan/Dropbox/losAlces/www/yii/alces/index.php(13): CApplication->run()
#11 {main}
REQUEST_URI=/yii/alces/
HTTP_REFERER=http://localhost/yii/alces/
---
2013/08/16 12:21:04 [error] [exception.CException] exception 'CException' with message 'LoginController cannot find the requested view "login".' in /home/ivan/Dropbox/losAlces/www/yii/framework/web/CController.php:878
Stack trace:
#0 /home/ivan/Dropbox/losAlces/www/yii/framework/web/CController.php(782): CController->renderPartial('login', Array, true)
#1 /home/ivan/Dropbox/losAlces/www/yii/alces/protected/controllers/LoginController.php(95): CController->render('login', Array)
#2 /home/ivan/Dropbox/losAlces/www/yii/alces/protected/controllers/LoginController.php(28): LoginController->actionLogin()
#3 /home/ivan/Dropbox/losAlces/www/yii/framework/web/actions/CInlineAction.php(49): LoginController->actionIndex()
#4 /home/ivan/Dropbox/losAlces/www/yii/framework/web/CController.php(308): CInlineAction->runWithParams(Array)
#5 /home/ivan/Dropbox/losAlces/www/yii/framework/web/CController.php(286): CController->runAction(Object(CInlineAction))
#6 /home/ivan/Dropbox/losAlces/www/yii/framework/web/CController.php(265): CController->runActionWithFilters(Object(CInlineAction), Array)
#7 /home/ivan/Dropbox/losAlces/www/yii/framework/web/CWebApplication.php(282): CController->run('')
#8 /home/ivan/Dropbox/losAlces/www/yii/framework/web/CWebApplication.php(141): CWebApplication->runController('')
#9 /home/ivan/Dropbox/losAlces/www/yii/framework/base/CApplication.php(180): CWebApplication->processRequest()
#10 /home/ivan/Dropbox/losAlces/www/yii/alces/index.php(13): CApplication->run()
#11 {main}
REQUEST_URI=/yii/alces/
---
2013/08/16 15:35:45 [error] [exception.CHttpException.404] exception 'CHttpException' with message 'Unable to resolve the request "themes/bootstrap/css/bootstrap.css".' in /home/ivan/Dropbox/losAlces/www/yii/framework/web/CWebApplication.php:286
Stack trace:
#0 /home/ivan/Dropbox/losAlces/www/yii/framework/web/CWebApplication.php(141): CWebApplication->runController('themes/bootstra...')
#1 /home/ivan/Dropbox/losAlces/www/yii/framework/base/CApplication.php(180): CWebApplication->processRequest()
#2 /home/ivan/Dropbox/losAlces/www/yii/alces/index.php(13): CApplication->run()
#3 {main}
REQUEST_URI=/yii/alces/themes/bootstrap/css/bootstrap.css
HTTP_REFERER=http://localhost/yii/alces/
---
2013/08/16 15:39:08 [error] [exception.CHttpException.404] exception 'CHttpException' with message 'Unable to resolve the request "iste".' in /home/ivan/Dropbox/losAlces/www/yii/framework/web/CWebApplication.php:286
Stack trace:
#0 /home/ivan/Dropbox/losAlces/www/yii/framework/web/CWebApplication.php(141): CWebApplication->runController('iste')
#1 /home/ivan/Dropbox/losAlces/www/yii/framework/base/CApplication.php(180): CWebApplication->processRequest()
#2 /home/ivan/Dropbox/losAlces/www/yii/alces/index.php(13): CApplication->run()
#3 {main}
REQUEST_URI=/yii/alces/iste
---
2013/08/16 16:30:00 [error] [exception.CException] exception 'CException' with message 'LoginController cannot find the requested view "contact".' in /home/ivan/Dropbox/losAlces/www/yii/framework/web/CController.php:878
Stack trace:
#0 /home/ivan/Dropbox/losAlces/www/yii/framework/web/CController.php(782): CController->renderPartial('contact', Array, true)
#1 /home/ivan/Dropbox/losAlces/www/yii/alces/protected/controllers/LoginController.php(68): CController->render('contact', Array)
#2 /home/ivan/Dropbox/losAlces/www/yii/framework/web/actions/CInlineAction.php(49): LoginController->actionContact()
#3 /home/ivan/Dropbox/losAlces/www/yii/framework/web/CController.php(308): CInlineAction->runWithParams(Array)
#4 /home/ivan/Dropbox/losAlces/www/yii/framework/web/CController.php(286): CController->runAction(Object(CInlineAction))
#5 /home/ivan/Dropbox/losAlces/www/yii/framework/web/CController.php(265): CController->runActionWithFilters(Object(CInlineAction), Array)
#6 /home/ivan/Dropbox/losAlces/www/yii/framework/web/CWebApplication.php(282): CController->run('contact')
#7 /home/ivan/Dropbox/losAlces/www/yii/framework/web/CWebApplication.php(141): CWebApplication->runController('login/contact')
#8 /home/ivan/Dropbox/losAlces/www/yii/framework/base/CApplication.php(180): CWebApplication->processRequest()
#9 /home/ivan/Dropbox/losAlces/www/yii/alces/index.php(13): CApplication->run()
#10 {main}
REQUEST_URI=/yii/alces/login/contact
---
2013/08/16 17:03:22 [error] [exception.CException] exception 'CException' with message 'CWebUser and its behaviors do not have a method or closure named "isGuest".' in /home/ivan/Dropbox/losAlces/www/yii/framework/base/CComponent.php:266
Stack trace:
#0 /home/ivan/Dropbox/losAlces/www/yii/alces/protected/controllers/LoginController.php(28): CComponent->__call('isGuest', Array)
#1 /home/ivan/Dropbox/losAlces/www/yii/alces/protected/controllers/LoginController.php(28): CWebUser->isGuest()
#2 /home/ivan/Dropbox/losAlces/www/yii/framework/web/actions/CInlineAction.php(49): LoginController->actionIndex()
#3 /home/ivan/Dropbox/losAlces/www/yii/framework/web/CController.php(308): CInlineAction->runWithParams(Array)
#4 /home/ivan/Dropbox/losAlces/www/yii/framework/web/CController.php(286): CController->runAction(Object(CInlineAction))
#5 /home/ivan/Dropbox/losAlces/www/yii/framework/web/CController.php(265): CController->runActionWithFilters(Object(CInlineAction), Array)
#6 /home/ivan/Dropbox/losAlces/www/yii/framework/web/CWebApplication.php(282): CController->run('')
#7 /home/ivan/Dropbox/losAlces/www/yii/framework/web/CWebApplication.php(141): CWebApplication->runController('')
#8 /home/ivan/Dropbox/losAlces/www/yii/framework/base/CApplication.php(180): CWebApplication->processRequest()
#9 /home/ivan/Dropbox/losAlces/www/yii/alces/index.php(13): CApplication->run()
#10 {main}
REQUEST_URI=/yii/alces/
HTTP_REFERER=http://localhost/yii/alces//site/contact
---
2013/08/16 17:05:29 [error] [exception.CHttpException.404] exception 'CHttpException' with message 'Unable to resolve the request "bka".' in /home/ivan/Dropbox/losAlces/www/yii/framework/web/CWebApplication.php:286
Stack trace:
#0 /home/ivan/Dropbox/losAlces/www/yii/framework/web/CWebApplication.php(141): CWebApplication->runController('bka')
#1 /home/ivan/Dropbox/losAlces/www/yii/framework/base/CApplication.php(180): CWebApplication->processRequest()
#2 /home/ivan/Dropbox/losAlces/www/yii/alces/index.php(13): CApplication->run()
#3 {main}
REQUEST_URI=/yii/alces/bka
HTTP_REFERER=http://localhost/yii/alces/site
---
2013/08/16 17:05:30 [error] [exception.CHttpException.404] exception 'CHttpException' with message 'Unable to resolve the request "bka".' in /home/ivan/Dropbox/losAlces/www/yii/framework/web/CWebApplication.php:286
Stack trace:
#0 /home/ivan/Dropbox/losAlces/www/yii/framework/web/CWebApplication.php(141): CWebApplication->runController('bka')
#1 /home/ivan/Dropbox/losAlces/www/yii/framework/base/CApplication.php(180): CWebApplication->processRequest()
#2 /home/ivan/Dropbox/losAlces/www/yii/alces/index.php(13): CApplication->run()
#3 {main}
REQUEST_URI=/yii/alces/bka
HTTP_REFERER=http://localhost/yii/alces/bka
---
